2021-01-27 14:59:05,168 INFO o.a.j.u.JMeterUtils: Setting Locale to en_EN
2021-01-27 14:59:05,191 INFO o.a.j.JMeter: Loading user properties from: user.properties
2021-01-27 14:59:05,192 INFO o.a.j.JMeter: Loading system properties from: system.properties
2021-01-27 14:59:05,200 INFO o.a.j.JMeter: Copyright (c) 1998-2021 The Apache Software Foundation
2021-01-27 14:59:05,200 INFO o.a.j.JMeter: Version 5.4.1
2021-01-27 14:59:05,200 INFO o.a.j.JMeter: java.version=11
2021-01-27 14:59:05,200 INFO o.a.j.JMeter: java.vm.name=OpenJDK 64-Bit Server VM
2021-01-27 14:59:05,200 INFO o.a.j.JMeter: os.name=Windows 10
2021-01-27 14:59:05,200 INFO o.a.j.JMeter: os.arch=amd64
2021-01-27 14:59:05,200 INFO o.a.j.JMeter: os.version=10.0
2021-01-27 14:59:05,200 INFO o.a.j.JMeter: file.encoding=MS949
2021-01-27 14:59:05,201 INFO o.a.j.JMeter: java.awt.headless=null
2021-01-27 14:59:05,201 INFO o.a.j.JMeter: Max memory     =1073741824
2021-01-27 14:59:05,201 INFO o.a.j.JMeter: Available Processors =4
2021-01-27 14:59:05,209 INFO o.a.j.JMeter: Default Locale=English (EN)
2021-01-27 14:59:05,210 INFO o.a.j.JMeter: JMeter  Locale=English (EN)
2021-01-27 14:59:05,210 INFO o.a.j.JMeter: JMeterHome=C:\Users\ITSC\Downloads\apache-jmeter-5.4.1
2021-01-27 14:59:05,210 INFO o.a.j.JMeter: user.dir  =C:\Users\ITSC\Downloads\apache-jmeter-5.4.1\bin
2021-01-27 14:59:05,210 INFO o.a.j.JMeter: PWD       =C:\Users\ITSC\Downloads\apache-jmeter-5.4.1\bin
2021-01-27 14:59:09,754 INFO o.a.j.JMeter: IP: 192.168.56.1 Name: DESKTOP-L7VVF0L FullName: DESKTOP-L7VVF0L
2021-01-27 14:59:09,872 INFO o.a.j.JMeter: Setting LAF to: com.github.weisj.darklaf.DarkLaf:com.github.weisj.darklaf.theme.DarculaTheme
2021-01-27 14:59:10,276 INFO o.a.j.JMeter: Loaded icon properties from org/apache/jmeter/images/icon.properties
2021-01-27 14:59:15,362 INFO o.a.j.s.FileServer: Default base='C:\Users\ITSC\Downloads\apache-jmeter-5.4.1\bin'
2021-01-27 15:00:40,269 INFO o.a.j.p.h.s.HTTPSamplerBase: Parser for text/html is org.apache.jmeter.protocol.http.parser.LagartoBasedHtmlParser
2021-01-27 15:00:40,270 INFO o.a.j.p.h.s.HTTPSamplerBase: Parser for application/xhtml+xml is org.apache.jmeter.protocol.http.parser.LagartoBasedHtmlParser
2021-01-27 15:00:40,270 INFO o.a.j.p.h.s.HTTPSamplerBase: Parser for application/xml is org.apache.jmeter.protocol.http.parser.LagartoBasedHtmlParser
2021-01-27 15:00:40,270 INFO o.a.j.p.h.s.HTTPSamplerBase: Parser for text/xml is org.apache.jmeter.protocol.http.parser.LagartoBasedHtmlParser
2021-01-27 15:00:40,270 INFO o.a.j.p.h.s.HTTPSamplerBase: Parser for text/vnd.wap.wml is org.apache.jmeter.protocol.http.parser.RegexpHTMLParser
2021-01-27 15:00:40,270 INFO o.a.j.p.h.s.HTTPSamplerBase: Parser for text/css is org.apache.jmeter.protocol.http.parser.CssParser
2021-01-27 15:03:42,199 INFO o.a.j.g.a.Load: Loading file: C:\Users\ITSC\Desktop\EmployeeSearchTest.jmx
2021-01-27 15:03:42,199 INFO o.a.j.s.FileServer: Set new base='C:\Users\ITSC\Desktop'
2021-01-27 15:03:42,330 INFO o.a.j.s.SaveService: Testplan (JMX) version: 2.2. Testlog (JTL) version: 2.2
2021-01-27 15:03:42,344 INFO o.a.j.s.SaveService: Using SaveService properties version 5.0
2021-01-27 15:03:42,345 INFO o.a.j.s.SaveService: Using SaveService properties file encoding UTF-8
2021-01-27 15:03:42,346 INFO o.a.j.s.SaveService: Loading file: C:\Users\ITSC\Desktop\EmployeeSearchTest.jmx
2021-01-27 15:03:42,463 INFO o.a.j.s.FileServer: Set new base='C:\Users\ITSC\Desktop'
2021-01-27 15:04:24,095 INFO o.a.j.g.a.Load: Loading file: C:\Users\ITSC\Downloads\apache-jmeter-5.4.1\bin\EmployeeSearchTest.jmx
2021-01-27 15:04:24,095 INFO o.a.j.s.FileServer: Set new base='C:\Users\ITSC\Downloads\apache-jmeter-5.4.1\bin'
2021-01-27 15:04:24,095 INFO o.a.j.s.SaveService: Loading file: C:\Users\ITSC\Downloads\apache-jmeter-5.4.1\bin\EmployeeSearchTest.jmx
2021-01-27 15:04:24,167 INFO o.a.j.s.FileServer: Set new base='C:\Users\ITSC\Downloads\apache-jmeter-5.4.1\bin'
2021-01-27 15:04:32,593 INFO o.a.j.g.a.Load: Loading file: C:\Users\ITSC\Desktop\EmployeeSearchTest.jmx
2021-01-27 15:04:32,593 INFO o.a.j.s.FileServer: Set new base='C:\Users\ITSC\Desktop'
2021-01-27 15:04:32,593 INFO o.a.j.s.SaveService: Loading file: C:\Users\ITSC\Desktop\EmployeeSearchTest.jmx
2021-01-27 15:04:32,637 INFO o.a.j.s.FileServer: Set new base='C:\Users\ITSC\Desktop'
2021-01-27 15:07:10,649 INFO o.a.j.s.FileServer: Set new base='C:\Users\ITSC\Desktop'
2021-01-27 15:10:28,698 INFO o.a.j.e.StandardJMeterEngine: Running the test!
2021-01-27 15:10:28,699 INFO o.a.j.s.SampleEvent: List of sample_variables: []
2021-01-27 15:10:28,700 INFO o.a.j.s.SampleEvent: List of sample_variables: []
2021-01-27 15:10:28,701 INFO o.a.j.e.u.CompoundVariable: Note: Function class names must contain the string: '.functions.'
2021-01-27 15:10:28,701 INFO o.a.j.e.u.CompoundVariable: Note: Function class names must not contain the string: '.gui.'
2021-01-27 15:10:28,936 INFO o.a.j.g.u.JMeterMenuBar: setRunning(true, *local*)
2021-01-27 15:10:28,974 INFO o.a.j.e.StandardJMeterEngine: Starting ThreadGroup: 1 : Thread Group
2021-01-27 15:10:28,974 INFO o.a.j.e.StandardJMeterEngine: Starting 100 threads for group Thread Group.
2021-01-27 15:10:28,974 INFO o.a.j.e.StandardJMeterEngine: Thread will continue on error
2021-01-27 15:10:28,975 INFO o.a.j.t.ThreadGroup: Starting thread group... number=1 threads=100 ramp-up=1 delayedStart=false
2021-01-27 15:10:28,990 INFO o.a.j.t.JMeterThread: Thread started: Thread Group 1-1
2021-01-27 15:10:29,004 INFO o.a.j.t.ThreadGroup: Started thread group number 1
2021-01-27 15:10:29,005 INFO o.a.j.e.StandardJMeterEngine: Starting ThreadGroup: 2 : Thread Group
2021-01-27 15:10:29,005 INFO o.a.j.e.StandardJMeterEngine: Starting 1 threads for group Thread Group.
2021-01-27 15:10:29,005 INFO o.a.j.e.StandardJMeterEngine: Thread will continue on error
2021-01-27 15:10:29,004 INFO o.a.j.t.JMeterThread: Thread started: Thread Group 1-2
2021-01-27 15:10:29,005 INFO o.a.j.t.ThreadGroup: Starting thread group... number=2 threads=1 ramp-up=1 delayedStart=false
2021-01-27 15:10:29,006 INFO o.a.j.t.ThreadGroup: Started thread group number 2
2021-01-27 15:10:29,006 INFO o.a.j.e.StandardJMeterEngine: All thread groups have been started
2021-01-27 15:10:29,009 INFO o.a.j.t.JMeterThread: Thread started: Thread Group 1-3
2021-01-27 15:10:29,010 INFO o.a.j.p.h.s.HTTPHCAbstractImpl: Local host = DESKTOP-L7VVF0L
2021-01-27 15:10:29,017 INFO o.a.j.t.JMeterThread: Thread started: Thread Group 2-1
2021-01-27 15:10:29,018 INFO o.a.j.p.h.s.HTTPHC4Impl: HTTP request retry count = 0
2021-01-27 15:10:29,019 INFO o.a.j.t.JMeterThread: Thread started: Thread Group 1-4
2021-01-27 15:10:29,019 INFO o.a.j.s.SampleResult: Note: Sample TimeStamps are START times
2021-01-27 15:10:29,020 INFO o.a.j.s.SampleResult: sampleresult.default.encoding is set to ISO-8859-1
2021-01-27 15:10:29,020 INFO o.a.j.s.SampleResult: sampleresult.useNanoTime=true
2021-01-27 15:10:29,020 INFO o.a.j.s.SampleResult: sampleresult.nanoThreadSleep=5000
2021-01-27 15:10:29,030 INFO o.a.j.t.JMeterThread: Thread started: Thread Group 1-5
2021-01-27 15:10:29,041 INFO o.a.j.t.JMeterThread: Thread started: Thread Group 1-6
2021-01-27 15:10:29,050 INFO o.a.j.t.JMeterThread: Thread started: Thread Group 1-7
2021-01-27 15:10:29,060 INFO o.a.j.t.JMeterThread: Thread started: Thread Group 1-8
2021-01-27 15:10:29,070 INFO o.a.j.t.JMeterThread: Thread started: Thread Group 1-9
2021-01-27 15:10:29,080 INFO o.a.j.t.JMeterThread: Thread started: Thread Group 1-10
2021-01-27 15:10:29,089 INFO o.a.j.t.JMeterThread: Thread started: Thread Group 1-11
2021-01-27 15:10:29,098 INFO o.a.j.t.JMeterThread: Thread started: Thread Group 1-12
2021-01-27 15:10:29,110 INFO o.a.j.t.JMeterThread: Thread started: Thread Group 1-13
2021-01-27 15:10:29,117 INFO o.a.j.t.JMeterThread: Thread started: Thread Group 1-15
2021-01-27 15:10:29,123 INFO o.a.j.t.JMeterThread: Thread started: Thread Group 1-14
2021-01-27 15:10:29,131 INFO o.a.j.t.JMeterThread: Thread started: Thread Group 1-16
2021-01-27 15:10:29,141 INFO o.a.j.t.JMeterThread: Thread started: Thread Group 1-17
2021-01-27 15:10:29,150 INFO o.a.j.t.JMeterThread: Thread started: Thread Group 1-18
2021-01-27 15:10:29,160 INFO o.a.j.t.JMeterThread: Thread started: Thread Group 1-19
2021-01-27 15:10:29,170 INFO o.a.j.t.JMeterThread: Thread started: Thread Group 1-20
2021-01-27 15:10:29,180 INFO o.a.j.t.JMeterThread: Thread started: Thread Group 1-21
2021-01-27 15:10:29,190 INFO o.a.j.t.JMeterThread: Thread started: Thread Group 1-22
2021-01-27 15:10:29,200 INFO o.a.j.t.JMeterThread: Thread started: Thread Group 1-23
2021-01-27 15:10:29,209 INFO o.a.j.t.JMeterThread: Thread started: Thread Group 1-24
2021-01-27 15:10:29,218 INFO o.a.j.t.JMeterThread: Thread started: Thread Group 1-25
2021-01-27 15:10:29,230 INFO o.a.j.t.JMeterThread: Thread started: Thread Group 1-26
2021-01-27 15:10:29,238 INFO o.a.j.t.JMeterThread: Thread started: Thread Group 1-27
2021-01-27 15:10:29,248 INFO o.a.j.t.JMeterThread: Thread started: Thread Group 1-28
2021-01-27 15:10:29,258 INFO o.a.j.t.JMeterThread: Thread started: Thread Group 1-29
2021-01-27 15:10:29,268 INFO o.a.j.t.JMeterThread: Thread started: Thread Group 1-30
2021-01-27 15:10:29,277 INFO o.a.j.t.JMeterThread: Thread started: Thread Group 1-31
2021-01-27 15:10:29,287 INFO o.a.j.t.JMeterThread: Thread started: Thread Group 1-32
2021-01-27 15:10:29,296 INFO o.a.j.t.JMeterThread: Thread started: Thread Group 1-33
2021-01-27 15:10:29,306 INFO o.a.j.t.JMeterThread: Thread started: Thread Group 1-34
2021-01-27 15:10:29,317 INFO o.a.j.t.JMeterThread: Thread started: Thread Group 1-35
2021-01-27 15:10:29,327 INFO o.a.j.t.JMeterThread: Thread started: Thread Group 1-36
2021-01-27 15:10:29,339 INFO o.a.j.t.JMeterThread: Thread started: Thread Group 1-37
2021-01-27 15:10:29,348 INFO o.a.j.t.JMeterThread: Thread started: Thread Group 1-38
2021-01-27 15:10:29,361 INFO o.a.j.t.JMeterThread: Thread started: Thread Group 1-39
2021-01-27 15:10:29,374 INFO o.a.j.t.JMeterThread: Thread started: Thread Group 1-40
2021-01-27 15:10:29,385 INFO o.a.j.t.JMeterThread: Thread started: Thread Group 1-41
2021-01-27 15:10:29,395 INFO o.a.j.t.JMeterThread: Thread started: Thread Group 1-42
2021-01-27 15:10:29,406 INFO o.a.j.t.JMeterThread: Thread started: Thread Group 1-43
2021-01-27 15:10:29,416 INFO o.a.j.t.JMeterThread: Thread started: Thread Group 1-44
2021-01-27 15:10:29,426 INFO o.a.j.t.JMeterThread: Thread started: Thread Group 1-45
2021-01-27 15:10:29,436 INFO o.a.j.t.JMeterThread: Thread started: Thread Group 1-46
2021-01-27 15:10:29,446 INFO o.a.j.t.JMeterThread: Thread started: Thread Group 1-47
2021-01-27 15:10:29,455 INFO o.a.j.t.JMeterThread: Thread started: Thread Group 1-48
2021-01-27 15:10:29,465 INFO o.a.j.t.JMeterThread: Thread started: Thread Group 1-49
2021-01-27 15:10:29,476 INFO o.a.j.t.JMeterThread: Thread started: Thread Group 1-50
2021-01-27 15:10:29,486 INFO o.a.j.t.JMeterThread: Thread started: Thread Group 1-51
2021-01-27 15:10:29,495 INFO o.a.j.t.JMeterThread: Thread started: Thread Group 1-52
2021-01-27 15:10:29,506 INFO o.a.j.t.JMeterThread: Thread started: Thread Group 1-53
2021-01-27 15:10:29,518 INFO o.a.j.t.JMeterThread: Thread started: Thread Group 1-54
2021-01-27 15:10:29,528 INFO o.a.j.t.JMeterThread: Thread started: Thread Group 1-55
2021-01-27 15:10:29,538 INFO o.a.j.t.JMeterThread: Thread started: Thread Group 1-56
2021-01-27 15:10:29,548 INFO o.a.j.t.JMeterThread: Thread started: Thread Group 1-57
2021-01-27 15:10:29,557 INFO o.a.j.t.JMeterThread: Thread started: Thread Group 1-58
2021-01-27 15:10:29,568 INFO o.a.j.t.JMeterThread: Thread started: Thread Group 1-59
2021-01-27 15:10:29,578 INFO o.a.j.t.JMeterThread: Thread started: Thread Group 1-60
2021-01-27 15:10:29,588 INFO o.a.j.t.JMeterThread: Thread started: Thread Group 1-61
2021-01-27 15:10:29,598 INFO o.a.j.t.JMeterThread: Thread started: Thread Group 1-62
2021-01-27 15:10:29,608 INFO o.a.j.t.JMeterThread: Thread started: Thread Group 1-63
2021-01-27 15:10:29,618 INFO o.a.j.t.JMeterThread: Thread started: Thread Group 1-64
2021-01-27 15:10:29,628 INFO o.a.j.t.JMeterThread: Thread started: Thread Group 1-65
2021-01-27 15:10:29,638 INFO o.a.j.t.JMeterThread: Thread started: Thread Group 1-66
2021-01-27 15:10:29,648 INFO o.a.j.t.JMeterThread: Thread started: Thread Group 1-67
2021-01-27 15:10:29,658 INFO o.a.j.t.JMeterThread: Thread started: Thread Group 1-69
2021-01-27 15:10:29,658 INFO o.a.j.t.JMeterThread: Thread started: Thread Group 1-68
2021-01-27 15:10:29,673 INFO o.a.j.t.JMeterThread: Thread started: Thread Group 1-70
2021-01-27 15:10:29,687 INFO o.a.j.t.JMeterThread: Thread started: Thread Group 1-71
2021-01-27 15:10:29,697 INFO o.a.j.t.JMeterThread: Thread started: Thread Group 1-72
2021-01-27 15:10:29,706 INFO o.a.j.t.JMeterThread: Thread started: Thread Group 1-73
2021-01-27 15:10:29,717 INFO o.a.j.t.JMeterThread: Thread started: Thread Group 1-74
2021-01-27 15:10:29,727 INFO o.a.j.t.JMeterThread: Thread started: Thread Group 1-75
2021-01-27 15:10:29,737 INFO o.a.j.t.JMeterThread: Thread started: Thread Group 1-76
2021-01-27 15:10:29,748 INFO o.a.j.t.JMeterThread: Thread started: Thread Group 1-77
2021-01-27 15:10:29,758 INFO o.a.j.t.JMeterThread: Thread started: Thread Group 1-78
2021-01-27 15:10:29,769 INFO o.a.j.t.JMeterThread: Thread started: Thread Group 1-79
2021-01-27 15:10:29,779 INFO o.a.j.t.JMeterThread: Thread started: Thread Group 1-80
2021-01-27 15:10:29,789 INFO o.a.j.t.JMeterThread: Thread started: Thread Group 1-81
2021-01-27 15:10:29,799 INFO o.a.j.t.JMeterThread: Thread started: Thread Group 1-82
2021-01-27 15:10:29,808 INFO o.a.j.t.JMeterThread: Thread started: Thread Group 1-83
2021-01-27 15:10:29,818 INFO o.a.j.t.JMeterThread: Thread started: Thread Group 1-84
2021-01-27 15:10:29,828 INFO o.a.j.t.JMeterThread: Thread started: Thread Group 1-85
2021-01-27 15:10:29,838 INFO o.a.j.t.JMeterThread: Thread started: Thread Group 1-86
2021-01-27 15:10:29,847 INFO o.a.j.t.JMeterThread: Thread started: Thread Group 1-87
2021-01-27 15:10:29,858 INFO o.a.j.t.JMeterThread: Thread started: Thread Group 1-88
2021-01-27 15:10:29,868 INFO o.a.j.t.JMeterThread: Thread started: Thread Group 1-89
2021-01-27 15:10:29,878 INFO o.a.j.t.JMeterThread: Thread started: Thread Group 1-90
2021-01-27 15:10:29,888 INFO o.a.j.t.JMeterThread: Thread started: Thread Group 1-91
2021-01-27 15:10:29,897 INFO o.a.j.t.JMeterThread: Thread started: Thread Group 1-92
2021-01-27 15:10:29,907 INFO o.a.j.t.JMeterThread: Thread started: Thread Group 1-93
2021-01-27 15:10:29,918 INFO o.a.j.t.JMeterThread: Thread started: Thread Group 1-94
2021-01-27 15:10:29,928 INFO o.a.j.t.JMeterThread: Thread started: Thread Group 1-95
2021-01-27 15:10:29,938 INFO o.a.j.t.JMeterThread: Thread started: Thread Group 1-96
2021-01-27 15:10:29,948 INFO o.a.j.t.JMeterThread: Thread started: Thread Group 1-97
2021-01-27 15:10:29,958 INFO o.a.j.t.JMeterThread: Thread started: Thread Group 1-98
2021-01-27 15:10:29,968 INFO o.a.j.t.JMeterThread: Thread started: Thread Group 1-99
2021-01-27 15:10:29,978 INFO o.a.j.t.JMeterThread: Thread started: Thread Group 1-100
2021-01-27 15:10:33,227 INFO o.a.j.t.JMeterThread: Thread is done: Thread Group 2-1
2021-01-27 15:10:33,228 INFO o.a.j.t.JMeterThread: Thread finished: Thread Group 2-1
2021-01-27 15:10:40,213 INFO o.a.j.g.a.Start: Shutting test down
2021-01-27 15:10:40,219 INFO o.a.j.t.JMeterThread: Stopping: Thread Group 1-17
2021-01-27 15:10:40,219 INFO o.a.j.t.JMeterThread: Stopping: Thread Group 1-49
2021-01-27 15:10:40,219 INFO o.a.j.t.JMeterThread: Stopping: Thread Group 1-73
2021-01-27 15:10:40,219 INFO o.a.j.t.JMeterThread: Stopping: Thread Group 1-12
2021-01-27 15:10:40,219 INFO o.a.j.t.JMeterThread: Stopping: Thread Group 1-90
2021-01-27 15:10:40,219 INFO o.a.j.t.JMeterThread: Stopping: Thread Group 1-14
2021-01-27 15:10:40,220 INFO o.a.j.t.JMeterThread: Stopping: Thread Group 1-52
2021-01-27 15:10:40,220 INFO o.a.j.t.JMeterThread: Stopping: Thread Group 1-76
2021-01-27 15:10:40,220 INFO o.a.j.t.JMeterThread: Stopping: Thread Group 1-47
2021-01-27 15:10:40,220 INFO o.a.j.t.JMeterThread: Stopping: Thread Group 1-45
2021-01-27 15:10:40,220 INFO o.a.j.t.JMeterThread: Stopping: Thread Group 1-91
2021-01-27 15:10:40,220 INFO o.a.j.t.JMeterThread: Stopping: Thread Group 1-97
2021-01-27 15:10:40,220 INFO o.a.j.t.JMeterThread: Stopping: Thread Group 1-62
2021-01-27 15:10:40,220 INFO o.a.j.t.JMeterThread: Stopping: Thread Group 1-82
2021-01-27 15:10:40,220 INFO o.a.j.t.JMeterThread: Stopping: Thread Group 1-21
2021-01-27 15:10:40,220 INFO o.a.j.t.JMeterThread: Stopping: Thread Group 1-64
2021-01-27 15:10:40,220 INFO o.a.j.t.JMeterThread: Stopping: Thread Group 1-5
2021-01-27 15:10:40,220 INFO o.a.j.t.JMeterThread: Stopping: Thread Group 1-57
2021-01-27 15:10:40,220 INFO o.a.j.t.JMeterThread: Stopping: Thread Group 1-31
2021-01-27 15:10:40,220 INFO o.a.j.t.JMeterThread: Stopping: Thread Group 1-3
2021-01-27 15:10:40,220 INFO o.a.j.t.JMeterThread: Stopping: Thread Group 1-98
2021-01-27 15:10:40,220 INFO o.a.j.t.JMeterThread: Stopping: Thread Group 1-78
2021-01-27 15:10:40,220 INFO o.a.j.t.JMeterThread: Stopping: Thread Group 1-86
2021-01-27 15:10:40,220 INFO o.a.j.t.JMeterThread: Stopping: Thread Group 1-71
2021-01-27 15:10:40,220 INFO o.a.j.t.JMeterThread: Stopping: Thread Group 1-38
2021-01-27 15:10:40,220 INFO o.a.j.t.JMeterThread: Stopping: Thread Group 1-79
2021-01-27 15:10:40,221 INFO o.a.j.t.JMeterThread: Stopping: Thread Group 1-44
2021-01-27 15:10:40,221 INFO o.a.j.t.JMeterThread: Stopping: Thread Group 1-83
2021-01-27 15:10:40,221 INFO o.a.j.t.JMeterThread: Stopping: Thread Group 1-39
2021-01-27 15:10:40,221 INFO o.a.j.t.JMeterThread: Stopping: Thread Group 1-34
2021-01-27 15:10:40,221 INFO o.a.j.t.JMeterThread: Stopping: Thread Group 1-33
2021-01-27 15:10:40,221 INFO o.a.j.t.JMeterThread: Stopping: Thread Group 1-7
2021-01-27 15:10:40,221 INFO o.a.j.t.JMeterThread: Stopping: Thread Group 1-88
2021-01-27 15:10:40,221 INFO o.a.j.t.JMeterThread: Stopping: Thread Group 1-94
2021-01-27 15:10:40,221 INFO o.a.j.t.JMeterThread: Stopping: Thread Group 1-23
2021-01-27 15:10:40,221 INFO o.a.j.t.JMeterThread: Stopping: Thread Group 1-87
2021-01-27 15:10:40,221 INFO o.a.j.t.JMeterThread: Stopping: Thread Group 1-80
2021-01-27 15:10:40,221 INFO o.a.j.t.JMeterThread: Stopping: Thread Group 1-36
2021-01-27 15:10:40,223 INFO o.a.j.t.JMeterThread: Stopping: Thread Group 1-59
2021-01-27 15:10:40,224 INFO o.a.j.t.JMeterThread: Stopping: Thread Group 1-74
2021-01-27 15:10:40,224 INFO o.a.j.t.JMeterThread: Stopping: Thread Group 1-96
2021-01-27 15:10:40,224 INFO o.a.j.t.JMeterThread: Stopping: Thread Group 1-25
2021-01-27 15:10:40,224 INFO o.a.j.t.JMeterThread: Stopping: Thread Group 1-41
2021-01-27 15:10:40,224 INFO o.a.j.t.JMeterThread: Stopping: Thread Group 1-9
2021-01-27 15:10:40,224 INFO o.a.j.t.JMeterThread: Stopping: Thread Group 1-42
2021-01-27 15:10:40,224 INFO o.a.j.t.JMeterThread: Stopping: Thread Group 1-46
2021-01-27 15:10:40,224 INFO o.a.j.t.JMeterThread: Stopping: Thread Group 1-61
2021-01-27 15:10:40,224 INFO o.a.j.t.JMeterThread: Stopping: Thread Group 1-75
2021-01-27 15:10:40,224 INFO o.a.j.t.JMeterThread: Stopping: Thread Group 1-1
2021-01-27 15:10:40,224 INFO o.a.j.t.JMeterThread: Stopping: Thread Group 1-89
2021-01-27 15:10:40,224 INFO o.a.j.t.JMeterThread: Stopping: Thread Group 1-54
2021-01-27 15:10:40,224 INFO o.a.j.t.JMeterThread: Stopping: Thread Group 1-50
2021-01-27 15:10:40,224 INFO o.a.j.t.JMeterThread: Stopping: Thread Group 1-77
2021-01-27 15:10:40,224 INFO o.a.j.t.JMeterThread: Stopping: Thread Group 1-69
2021-01-27 15:10:40,224 INFO o.a.j.t.JMeterThread: Stopping: Thread Group 1-2
2021-01-27 15:10:40,224 INFO o.a.j.t.JMeterThread: Stopping: Thread Group 1-93
2021-01-27 15:10:40,224 INFO o.a.j.t.JMeterThread: Stopping: Thread Group 1-48
2021-01-27 15:10:40,225 INFO o.a.j.t.JMeterThread: Stopping: Thread Group 1-27
2021-01-27 15:10:40,225 INFO o.a.j.t.JMeterThread: Stopping: Thread Group 1-65
2021-01-27 15:10:40,225 INFO o.a.j.t.JMeterThread: Stopping: Thread Group 1-85
2021-01-27 15:10:40,225 INFO o.a.j.t.JMeterThread: Stopping: Thread Group 1-56
2021-01-27 15:10:40,225 INFO o.a.j.t.JMeterThread: Stopping: Thread Group 1-11
2021-01-27 15:10:40,225 INFO o.a.j.t.JMeterThread: Stopping: Thread Group 1-29
2021-01-27 15:10:40,225 INFO o.a.j.t.JMeterThread: Stopping: Thread Group 1-51
2021-01-27 15:10:40,225 INFO o.a.j.t.JMeterThread: Stopping: Thread Group 1-4
2021-01-27 15:10:40,225 INFO o.a.j.t.JMeterThread: Stopping: Thread Group 1-37
2021-01-27 15:10:40,225 INFO o.a.j.t.JMeterThread: Stopping: Thread Group 1-55
2021-01-27 15:10:40,225 INFO o.a.j.t.JMeterThread: Stopping: Thread Group 1-68
2021-01-27 15:10:40,226 INFO o.a.j.t.JMeterThread: Stopping: Thread Group 1-43
2021-01-27 15:10:40,226 INFO o.a.j.t.JMeterThread: Stopping: Thread Group 1-92
2021-01-27 15:10:40,226 INFO o.a.j.t.JMeterThread: Stopping: Thread Group 1-66
2021-01-27 15:10:40,227 INFO o.a.j.t.JMeterThread: Stopping: Thread Group 1-60
2021-01-27 15:10:40,227 INFO o.a.j.t.JMeterThread: Stopping: Thread Group 1-26
2021-01-27 15:10:40,227 INFO o.a.j.t.JMeterThread: Stopping: Thread Group 1-15
2021-01-27 15:10:40,227 INFO o.a.j.t.JMeterThread: Stopping: Thread Group 1-22
2021-01-27 15:10:40,227 INFO o.a.j.t.JMeterThread: Stopping: Thread Group 1-53
2021-01-27 15:10:40,227 INFO o.a.j.t.JMeterThread: Stopping: Thread Group 1-24
2021-01-27 15:10:40,227 INFO o.a.j.t.JMeterThread: Stopping: Thread Group 1-84
2021-01-27 15:10:40,227 INFO o.a.j.t.JMeterThread: Stopping: Thread Group 1-95
2021-01-27 15:10:40,227 INFO o.a.j.t.JMeterThread: Stopping: Thread Group 1-6
2021-01-27 15:10:40,227 INFO o.a.j.t.JMeterThread: Stopping: Thread Group 1-13
2021-01-27 15:10:40,227 INFO o.a.j.t.JMeterThread: Stopping: Thread Group 1-58
2021-01-27 15:10:40,227 INFO o.a.j.t.JMeterThread: Stopping: Thread Group 1-100
2021-01-27 15:10:40,228 INFO o.a.j.t.JMeterThread: Stopping: Thread Group 1-20
2021-01-27 15:10:40,228 INFO o.a.j.t.JMeterThread: Stopping: Thread Group 1-18
2021-01-27 15:10:40,228 INFO o.a.j.t.JMeterThread: Stopping: Thread Group 1-72
2021-01-27 15:10:40,228 INFO o.a.j.t.JMeterThread: Stopping: Thread Group 1-10
2021-01-27 15:10:40,228 INFO o.a.j.t.JMeterThread: Stopping: Thread Group 1-63
2021-01-27 15:10:40,228 INFO o.a.j.t.JMeterThread: Stopping: Thread Group 1-8
2021-01-27 15:10:40,228 INFO o.a.j.t.JMeterThread: Stopping: Thread Group 1-81
2021-01-27 15:10:40,228 INFO o.a.j.t.JMeterThread: Stopping: Thread Group 1-19
2021-01-27 15:10:40,228 INFO o.a.j.t.JMeterThread: Stopping: Thread Group 1-35
2021-01-27 15:10:40,228 INFO o.a.j.t.JMeterThread: Stopping: Thread Group 1-40
2021-01-27 15:10:40,228 INFO o.a.j.t.JMeterThread: Stopping: Thread Group 1-99
2021-01-27 15:10:40,228 INFO o.a.j.t.JMeterThread: Stopping: Thread Group 1-30
2021-01-27 15:10:40,228 INFO o.a.j.t.JMeterThread: Stopping: Thread Group 1-67
2021-01-27 15:10:40,229 INFO o.a.j.t.JMeterThread: Stopping: Thread Group 1-16
2021-01-27 15:10:40,229 INFO o.a.j.t.JMeterThread: Stopping: Thread Group 1-28
2021-01-27 15:10:40,229 INFO o.a.j.t.JMeterThread: Stopping: Thread Group 1-32
2021-01-27 15:10:40,229 INFO o.a.j.t.JMeterThread: Stopping: Thread Group 1-70
2021-01-27 15:10:41,347 INFO o.a.j.t.JMeterThread: Thread finished: Thread Group 1-13
2021-01-27 15:10:41,363 INFO o.a.j.t.JMeterThread: Thread finished: Thread Group 1-18
2021-01-27 15:10:41,363 INFO o.a.j.t.JMeterThread: Thread finished: Thread Group 1-16
2021-01-27 15:10:41,363 INFO o.a.j.t.JMeterThread: Thread finished: Thread Group 1-4
2021-01-27 15:10:41,379 INFO o.a.j.t.JMeterThread: Thread finished: Thread Group 1-1
2021-01-27 15:10:41,380 INFO o.a.j.t.JMeterThread: Thread finished: Thread Group 1-19
2021-01-27 15:10:41,380 INFO o.a.j.t.JMeterThread: Thread finished: Thread Group 1-10
2021-01-27 15:10:41,381 INFO o.a.j.t.JMeterThread: Thread finished: Thread Group 1-7
2021-01-27 15:10:41,381 INFO o.a.j.t.JMeterThread: Thread finished: Thread Group 1-5
2021-01-27 15:10:41,381 INFO o.a.j.t.JMeterThread: Thread finished: Thread Group 1-12
2021-01-27 15:10:41,381 INFO o.a.j.t.JMeterThread: Thread finished: Thread Group 1-11
2021-01-27 15:10:41,381 INFO o.a.j.t.JMeterThread: Thread finished: Thread Group 1-8
2021-01-27 15:10:41,381 INFO o.a.j.t.JMeterThread: Thread finished: Thread Group 1-20
2021-01-27 15:10:41,382 INFO o.a.j.t.JMeterThread: Thread finished: Thread Group 1-15
2021-01-27 15:10:41,382 INFO o.a.j.t.JMeterThread: Thread finished: Thread Group 1-17
2021-01-27 15:10:41,382 INFO o.a.j.t.JMeterThread: Thread finished: Thread Group 1-2
2021-01-27 15:10:41,382 INFO o.a.j.t.JMeterThread: Thread finished: Thread Group 1-3
2021-01-27 15:10:41,409 INFO o.a.j.t.JMeterThread: Thread finished: Thread Group 1-23
2021-01-27 15:10:41,409 INFO o.a.j.t.JMeterThread: Thread finished: Thread Group 1-6
2021-01-27 15:10:41,409 INFO o.a.j.t.JMeterThread: Thread finished: Thread Group 1-21
2021-01-27 15:10:41,410 INFO o.a.j.t.JMeterThread: Thread finished: Thread Group 1-22
2021-01-27 15:10:41,410 INFO o.a.j.t.JMeterThread: Thread finished: Thread Group 1-9
2021-01-27 15:10:41,410 INFO o.a.j.t.JMeterThread: Thread finished: Thread Group 1-14
2021-01-27 15:10:41,440 INFO o.a.j.t.JMeterThread: Thread finished: Thread Group 1-25
2021-01-27 15:10:41,472 INFO o.a.j.t.JMeterThread: Thread finished: Thread Group 1-24
2021-01-27 15:10:41,472 INFO o.a.j.t.JMeterThread: Thread finished: Thread Group 1-26
2021-01-27 15:10:41,472 INFO o.a.j.t.JMeterThread: Thread finished: Thread Group 1-27
2021-01-27 15:10:41,488 INFO o.a.j.t.JMeterThread: Thread finished: Thread Group 1-28
2021-01-27 15:10:41,504 INFO o.a.j.t.JMeterThread: Thread finished: Thread Group 1-29
2021-01-27 15:10:41,504 INFO o.a.j.t.JMeterThread: Thread finished: Thread Group 1-33
2021-01-27 15:10:41,504 INFO o.a.j.t.JMeterThread: Thread finished: Thread Group 1-30
2021-01-27 15:10:41,520 INFO o.a.j.t.JMeterThread: Thread finished: Thread Group 1-31
2021-01-27 15:10:41,536 INFO o.a.j.t.JMeterThread: Thread finished: Thread Group 1-32
2021-01-27 15:10:41,552 INFO o.a.j.t.JMeterThread: Thread finished: Thread Group 1-34
2021-01-27 15:10:41,552 INFO o.a.j.t.JMeterThread: Thread finished: Thread Group 1-36
2021-01-27 15:10:41,552 INFO o.a.j.t.JMeterThread: Thread finished: Thread Group 1-35
2021-01-27 15:10:41,552 INFO o.a.j.t.JMeterThread: Thread finished: Thread Group 1-39
2021-01-27 15:10:41,584 INFO o.a.j.t.JMeterThread: Thread finished: Thread Group 1-40
2021-01-27 15:10:41,585 INFO o.a.j.t.JMeterThread: Thread finished: Thread Group 1-38
2021-01-27 15:10:41,586 INFO o.a.j.t.JMeterThread: Thread finished: Thread Group 1-37
2021-01-27 15:10:41,599 INFO o.a.j.t.JMeterThread: Thread finished: Thread Group 1-48
2021-01-27 15:10:41,599 INFO o.a.j.t.JMeterThread: Thread finished: Thread Group 1-45
2021-01-27 15:10:41,599 INFO o.a.j.t.JMeterThread: Thread finished: Thread Group 1-44
2021-01-27 15:10:41,599 INFO o.a.j.t.JMeterThread: Thread finished: Thread Group 1-42
2021-01-27 15:10:41,599 INFO o.a.j.t.JMeterThread: Thread finished: Thread Group 1-41
2021-01-27 15:10:41,599 INFO o.a.j.t.JMeterThread: Thread finished: Thread Group 1-43
2021-01-27 15:10:41,707 INFO o.a.j.t.JMeterThread: Thread finished: Thread Group 1-47
2021-01-27 15:10:41,707 INFO o.a.j.t.JMeterThread: Thread finished: Thread Group 1-50
2021-01-27 15:10:41,708 INFO o.a.j.t.JMeterThread: Thread finished: Thread Group 1-49
2021-01-27 15:10:41,709 INFO o.a.j.t.JMeterThread: Thread finished: Thread Group 1-46
2021-01-27 15:10:41,723 INFO o.a.j.t.JMeterThread: Thread finished: Thread Group 1-54
2021-01-27 15:10:41,723 INFO o.a.j.t.JMeterThread: Thread finished: Thread Group 1-51
2021-01-27 15:10:41,739 INFO o.a.j.t.JMeterThread: Thread finished: Thread Group 1-56
2021-01-27 15:10:41,739 INFO o.a.j.t.JMeterThread: Thread finished: Thread Group 1-55
2021-01-27 15:10:41,739 INFO o.a.j.t.JMeterThread: Thread finished: Thread Group 1-52
2021-01-27 15:10:41,740 INFO o.a.j.t.JMeterThread: Thread finished: Thread Group 1-53
2021-01-27 15:10:41,754 INFO o.a.j.t.JMeterThread: Thread finished: Thread Group 1-59
2021-01-27 15:10:41,770 INFO o.a.j.t.JMeterThread: Thread finished: Thread Group 1-57
2021-01-27 15:10:41,802 INFO o.a.j.t.JMeterThread: Thread finished: Thread Group 1-58
2021-01-27 15:10:41,802 INFO o.a.j.t.JMeterThread: Thread finished: Thread Group 1-60
2021-01-27 15:10:41,834 INFO o.a.j.t.JMeterThread: Thread finished: Thread Group 1-62
2021-01-27 15:10:41,834 INFO o.a.j.t.JMeterThread: Thread finished: Thread Group 1-61
2021-01-27 15:10:41,850 INFO o.a.j.t.JMeterThread: Thread finished: Thread Group 1-63
2021-01-27 15:10:41,850 INFO o.a.j.t.JMeterThread: Thread finished: Thread Group 1-65
2021-01-27 15:10:41,850 INFO o.a.j.t.JMeterThread: Thread finished: Thread Group 1-66
2021-01-27 15:10:41,865 INFO o.a.j.t.JMeterThread: Thread finished: Thread Group 1-72
2021-01-27 15:10:41,865 INFO o.a.j.t.JMeterThread: Thread finished: Thread Group 1-64
2021-01-27 15:10:41,865 INFO o.a.j.t.JMeterThread: Thread finished: Thread Group 1-68
2021-01-27 15:10:41,880 INFO o.a.j.t.JMeterThread: Thread finished: Thread Group 1-67
2021-01-27 15:10:41,880 INFO o.a.j.t.JMeterThread: Thread finished: Thread Group 1-69
2021-01-27 15:10:41,880 INFO o.a.j.t.JMeterThread: Thread finished: Thread Group 1-71
2021-01-27 15:10:41,880 INFO o.a.j.t.JMeterThread: Thread finished: Thread Group 1-70
2021-01-27 15:10:41,943 INFO o.a.j.t.JMeterThread: Thread finished: Thread Group 1-76
2021-01-27 15:10:41,943 INFO o.a.j.t.JMeterThread: Thread finished: Thread Group 1-75
2021-01-27 15:10:41,944 INFO o.a.j.t.JMeterThread: Thread finished: Thread Group 1-77
2021-01-27 15:10:41,943 INFO o.a.j.t.JMeterThread: Thread finished: Thread Group 1-73
2021-01-27 15:10:41,990 INFO o.a.j.t.JMeterThread: Thread finished: Thread Group 1-79
2021-01-27 15:10:41,990 INFO o.a.j.t.JMeterThread: Thread finished: Thread Group 1-74
2021-01-27 15:10:42,006 INFO o.a.j.t.JMeterThread: Thread finished: Thread Group 1-80
2021-01-27 15:10:42,006 INFO o.a.j.t.JMeterThread: Thread finished: Thread Group 1-81
2021-01-27 15:10:42,021 INFO o.a.j.t.JMeterThread: Thread finished: Thread Group 1-78
2021-01-27 15:10:42,036 INFO o.a.j.t.JMeterThread: Thread finished: Thread Group 1-83
2021-01-27 15:10:42,036 INFO o.a.j.t.JMeterThread: Thread finished: Thread Group 1-84
2021-01-27 15:10:42,067 INFO o.a.j.t.JMeterThread: Thread finished: Thread Group 1-86
2021-01-27 15:10:42,068 INFO o.a.j.t.JMeterThread: Thread finished: Thread Group 1-87
2021-01-27 15:10:42,068 INFO o.a.j.t.JMeterThread: Thread finished: Thread Group 1-82
2021-01-27 15:10:42,068 INFO o.a.j.t.JMeterThread: Thread finished: Thread Group 1-85
2021-01-27 15:10:42,099 INFO o.a.j.t.JMeterThread: Thread finished: Thread Group 1-88
2021-01-27 15:10:42,099 INFO o.a.j.t.JMeterThread: Thread finished: Thread Group 1-89
2021-01-27 15:10:42,099 INFO o.a.j.t.JMeterThread: Thread finished: Thread Group 1-93
2021-01-27 15:10:42,100 INFO o.a.j.t.JMeterThread: Thread finished: Thread Group 1-90
2021-01-27 15:10:42,100 INFO o.a.j.t.JMeterThread: Thread finished: Thread Group 1-92
2021-01-27 15:10:42,100 INFO o.a.j.t.JMeterThread: Thread finished: Thread Group 1-91
2021-01-27 15:10:42,132 INFO o.a.j.t.JMeterThread: Thread finished: Thread Group 1-95
2021-01-27 15:10:42,132 INFO o.a.j.t.JMeterThread: Thread finished: Thread Group 1-94
2021-01-27 15:10:42,162 INFO o.a.j.t.JMeterThread: Thread finished: Thread Group 1-96
2021-01-27 15:10:42,162 INFO o.a.j.t.JMeterThread: Thread finished: Thread Group 1-98
2021-01-27 15:10:42,162 INFO o.a.j.t.JMeterThread: Thread finished: Thread Group 1-97
2021-01-27 15:10:42,162 INFO o.a.j.t.JMeterThread: Thread finished: Thread Group 1-99
2021-01-27 15:10:42,239 INFO o.a.j.t.JMeterThread: Thread finished: Thread Group 1-100
2021-01-27 15:10:42,239 INFO o.a.j.e.StandardJMeterEngine: Notifying test listeners of end of test
2021-01-27 15:10:42,240 INFO o.a.j.g.u.JMeterMenuBar: setRunning(false, *local*)
2021-01-27 15:11:17,830 INFO o.a.j.e.StandardJMeterEngine: Running the test!
2021-01-27 15:11:17,831 INFO o.a.j.s.SampleEvent: List of sample_variables: []
2021-01-27 15:11:17,833 INFO o.a.j.g.u.JMeterMenuBar: setRunning(true, *local*)
2021-01-27 15:11:17,875 INFO o.a.j.e.StandardJMeterEngine: Starting ThreadGroup: 1 : Thread Group
2021-01-27 15:11:17,875 INFO o.a.j.e.StandardJMeterEngine: Starting 100 threads for group Thread Group.
2021-01-27 15:11:17,875 INFO o.a.j.e.StandardJMeterEngine: Thread will continue on error
2021-01-27 15:11:17,875 INFO o.a.j.t.ThreadGroup: Starting thread group... number=1 threads=100 ramp-up=1 delayedStart=false
2021-01-27 15:11:17,876 INFO o.a.j.t.JMeterThread: Thread started: Thread Group 1-1
2021-01-27 15:11:17,902 INFO o.a.j.t.ThreadGroup: Started thread group number 1
2021-01-27 15:11:17,902 INFO o.a.j.e.StandardJMeterEngine: Starting ThreadGroup: 2 : Thread Group
2021-01-27 15:11:17,902 INFO o.a.j.e.StandardJMeterEngine: Starting 100 threads for group Thread Group.
2021-01-27 15:11:17,902 INFO o.a.j.e.StandardJMeterEngine: Thread will continue on error
2021-01-27 15:11:17,902 INFO o.a.j.t.ThreadGroup: Starting thread group... number=2 threads=100 ramp-up=1 delayedStart=false
2021-01-27 15:11:17,907 INFO o.a.j.t.JMeterThread: Thread started: Thread Group 1-2
2021-01-27 15:11:17,911 INFO o.a.j.t.ThreadGroup: Started thread group number 2
2021-01-27 15:11:17,911 INFO o.a.j.e.StandardJMeterEngine: All thread groups have been started
2021-01-27 15:11:17,911 INFO o.a.j.t.JMeterThread: Thread started: Thread Group 1-3
2021-01-27 15:11:17,929 INFO o.a.j.t.JMeterThread: Thread started: Thread Group 2-1
2021-01-27 15:11:17,929 INFO o.a.j.t.JMeterThread: Thread started: Thread Group 1-4
2021-01-27 15:11:17,931 INFO o.a.j.t.JMeterThread: Thread started: Thread Group 1-5
2021-01-27 15:11:17,939 INFO o.a.j.t.JMeterThread: Thread is done: Thread Group 1-1
2021-01-27 15:11:17,939 INFO o.a.j.t.JMeterThread: Thread finished: Thread Group 1-1
2021-01-27 15:11:17,940 INFO o.a.j.t.JMeterThread: Thread started: Thread Group 2-2
2021-01-27 15:11:17,941 INFO o.a.j.t.JMeterThread: Thread started: Thread Group 1-6
2021-01-27 15:11:17,950 INFO o.a.j.t.JMeterThread: Thread started: Thread Group 2-3
2021-01-27 15:11:17,951 INFO o.a.j.t.JMeterThread: Thread started: Thread Group 1-7
2021-01-27 15:11:17,960 INFO o.a.j.t.JMeterThread: Thread started: Thread Group 2-4
2021-01-27 15:11:17,960 INFO o.a.j.t.JMeterThread: Thread is done: Thread Group 1-2
2021-01-27 15:11:17,961 INFO o.a.j.t.JMeterThread: Thread finished: Thread Group 1-2
2021-01-27 15:11:17,961 INFO o.a.j.t.JMeterThread: Thread started: Thread Group 1-8
2021-01-27 15:11:17,971 INFO o.a.j.t.JMeterThread: Thread started: Thread Group 1-9
2021-01-27 15:11:17,974 INFO o.a.j.t.JMeterThread: Thread started: Thread Group 2-5
2021-01-27 15:11:17,977 INFO o.a.j.t.JMeterThread: Thread started: Thread Group 1-10
2021-01-27 15:11:17,980 INFO o.a.j.t.JMeterThread: Thread is done: Thread Group 1-6
2021-01-27 15:11:17,980 INFO o.a.j.t.JMeterThread: Thread finished: Thread Group 1-6
2021-01-27 15:11:17,981 INFO o.a.j.t.JMeterThread: Thread is done: Thread Group 1-8
2021-01-27 15:11:17,981 INFO o.a.j.t.JMeterThread: Thread finished: Thread Group 1-8
2021-01-27 15:11:17,984 INFO o.a.j.t.JMeterThread: Thread started: Thread Group 2-6
2021-01-27 15:11:17,984 INFO o.a.j.t.JMeterThread: Thread is done: Thread Group 1-4
2021-01-27 15:11:17,984 INFO o.a.j.t.JMeterThread: Thread finished: Thread Group 1-4
2021-01-27 15:11:17,986 INFO o.a.j.t.JMeterThread: Thread is done: Thread Group 1-3
2021-01-27 15:11:17,987 INFO o.a.j.t.JMeterThread: Thread finished: Thread Group 1-3
2021-01-27 15:11:17,989 INFO o.a.j.t.JMeterThread: Thread is done: Thread Group 1-5
2021-01-27 15:11:17,989 INFO o.a.j.t.JMeterThread: Thread finished: Thread Group 1-5
2021-01-27 15:11:17,991 INFO o.a.j.t.JMeterThread: Thread is done: Thread Group 2-2
2021-01-27 15:11:17,991 INFO o.a.j.t.JMeterThread: Thread finished: Thread Group 2-2
2021-01-27 15:11:17,994 INFO o.a.j.t.JMeterThread: Thread started: Thread Group 2-7
2021-01-27 15:11:17,996 INFO o.a.j.t.JMeterThread: Thread started: Thread Group 1-11
2021-01-27 15:11:17,999 INFO o.a.j.t.JMeterThread: Thread started: Thread Group 2-8
2021-01-27 15:11:18,006 INFO o.a.j.t.JMeterThread: Thread started: Thread Group 1-12
2021-01-27 15:11:18,009 INFO o.a.j.t.JMeterThread: Thread started: Thread Group 2-9
2021-01-27 15:11:18,014 INFO o.a.j.t.JMeterThread: Thread is done: Thread Group 2-5
2021-01-27 15:11:18,014 INFO o.a.j.t.JMeterThread: Thread finished: Thread Group 2-5
2021-01-27 15:11:18,016 INFO o.a.j.t.JMeterThread: Thread started: Thread Group 1-14
2021-01-27 15:11:18,018 INFO o.a.j.t.JMeterThread: Thread started: Thread Group 1-13
2021-01-27 15:11:18,019 INFO o.a.j.t.JMeterThread: Thread started: Thread Group 2-10
2021-01-27 15:11:18,026 INFO o.a.j.t.JMeterThread: Thread started: Thread Group 1-15
2021-01-27 15:11:18,030 INFO o.a.j.t.JMeterThread: Thread started: Thread Group 2-11
2021-01-27 15:11:18,035 INFO o.a.j.t.JMeterThread: Thread started: Thread Group 1-16
2021-01-27 15:11:18,038 INFO o.a.j.t.JMeterThread: Thread is done: Thread Group 1-11
2021-01-27 15:11:18,038 INFO o.a.j.t.JMeterThread: Thread finished: Thread Group 1-11
2021-01-27 15:11:18,043 INFO o.a.j.t.JMeterThread: Thread started: Thread Group 2-12
2021-01-27 15:11:18,044 INFO o.a.j.t.JMeterThread: Thread started: Thread Group 1-17
2021-01-27 15:11:18,049 INFO o.a.j.t.JMeterThread: Thread started: Thread Group 2-13
2021-01-27 15:11:18,053 INFO o.a.j.t.JMeterThread: Thread is done: Thread Group 2-3
2021-01-27 15:11:18,053 INFO o.a.j.t.JMeterThread: Thread finished: Thread Group 2-3
2021-01-27 15:11:18,054 INFO o.a.j.t.JMeterThread: Thread started: Thread Group 1-18
2021-01-27 15:11:18,059 INFO o.a.j.t.JMeterThread: Thread started: Thread Group 2-14
2021-01-27 15:11:18,064 INFO o.a.j.t.JMeterThread: Thread started: Thread Group 1-19
2021-01-27 15:11:18,066 INFO o.a.j.t.JMeterThread: Thread is done: Thread Group 2-1
2021-01-27 15:11:18,066 INFO o.a.j.t.JMeterThread: Thread finished: Thread Group 2-1
2021-01-27 15:11:18,073 INFO o.a.j.t.JMeterThread: Thread started: Thread Group 2-15
2021-01-27 15:11:18,074 INFO o.a.j.t.JMeterThread: Thread started: Thread Group 1-20
2021-01-27 15:11:18,076 INFO o.a.j.t.JMeterThread: Thread is done: Thread Group 1-18
2021-01-27 15:11:18,076 INFO o.a.j.t.JMeterThread: Thread finished: Thread Group 1-18
2021-01-27 15:11:18,078 INFO o.a.j.t.JMeterThread: Thread started: Thread Group 2-16
2021-01-27 15:11:18,080 INFO o.a.j.t.JMeterThread: Thread is done: Thread Group 1-15
2021-01-27 15:11:18,081 INFO o.a.j.t.JMeterThread: Thread finished: Thread Group 1-15
2021-01-27 15:11:18,082 INFO o.a.j.t.JMeterThread: Thread is done: Thread Group 1-19
2021-01-27 15:11:18,083 INFO o.a.j.t.JMeterThread: Thread finished: Thread Group 1-19
2021-01-27 15:11:18,084 INFO o.a.j.t.JMeterThread: Thread started: Thread Group 1-21
2021-01-27 15:11:18,087 INFO o.a.j.t.JMeterThread: Thread is done: Thread Group 1-9
2021-01-27 15:11:18,087 INFO o.a.j.t.JMeterThread: Thread finished: Thread Group 1-9
2021-01-27 15:11:18,088 INFO o.a.j.t.JMeterThread: Thread started: Thread Group 2-17
2021-01-27 15:11:18,092 INFO o.a.j.t.JMeterThread: Thread is done: Thread Group 1-7
2021-01-27 15:11:18,092 INFO o.a.j.t.JMeterThread: Thread finished: Thread Group 1-7
2021-01-27 15:11:18,093 INFO o.a.j.t.JMeterThread: Thread started: Thread Group 1-22
2021-01-27 15:11:18,097 INFO o.a.j.t.JMeterThread: Thread is done: Thread Group 1-14
2021-01-27 15:11:18,097 INFO o.a.j.t.JMeterThread: Thread finished: Thread Group 1-14
2021-01-27 15:11:18,099 INFO o.a.j.t.JMeterThread: Thread started: Thread Group 2-18
2021-01-27 15:11:18,103 INFO o.a.j.t.JMeterThread: Thread started: Thread Group 1-23
2021-01-27 15:11:18,105 INFO o.a.j.t.JMeterThread: Thread is done: Thread Group 1-21
2021-01-27 15:11:18,105 INFO o.a.j.t.JMeterThread: Thread finished: Thread Group 1-21
2021-01-27 15:11:18,113 INFO o.a.j.t.JMeterThread: Thread started: Thread Group 2-19
2021-01-27 15:11:18,113 INFO o.a.j.t.JMeterThread: Thread started: Thread Group 1-24
2021-01-27 15:11:18,116 INFO o.a.j.t.JMeterThread: Thread is done: Thread Group 1-17
2021-01-27 15:11:18,116 INFO o.a.j.t.JMeterThread: Thread is done: Thread Group 2-8
2021-01-27 15:11:18,116 INFO o.a.j.t.JMeterThread: Thread finished: Thread Group 1-17
2021-01-27 15:11:18,116 INFO o.a.j.t.JMeterThread: Thread finished: Thread Group 2-8
2021-01-27 15:11:18,117 INFO o.a.j.t.JMeterThread: Thread started: Thread Group 2-20
2021-01-27 15:11:18,123 INFO o.a.j.t.JMeterThread: Thread started: Thread Group 1-25
2021-01-27 15:11:18,127 INFO o.a.j.t.JMeterThread: Thread started: Thread Group 2-21
2021-01-27 15:11:18,133 INFO o.a.j.t.JMeterThread: Thread started: Thread Group 1-26
2021-01-27 15:11:18,133 INFO o.a.j.t.JMeterThread: Thread is done: Thread Group 2-7
2021-01-27 15:11:18,133 INFO o.a.j.t.JMeterThread: Thread finished: Thread Group 2-7
2021-01-27 15:11:18,137 INFO o.a.j.t.JMeterThread: Thread started: Thread Group 2-22
2021-01-27 15:11:18,143 INFO o.a.j.t.JMeterThread: Thread started: Thread Group 1-27
2021-01-27 15:11:18,147 INFO o.a.j.t.JMeterThread: Thread started: Thread Group 2-23
2021-01-27 15:11:18,152 INFO o.a.j.t.JMeterThread: Thread started: Thread Group 1-28
2021-01-27 15:11:18,152 INFO o.a.j.t.JMeterThread: Thread is done: Thread Group 1-24
2021-01-27 15:11:18,152 INFO o.a.j.t.JMeterThread: Thread finished: Thread Group 1-24
2021-01-27 15:11:18,155 INFO o.a.j.t.JMeterThread: Thread is done: Thread Group 2-13
2021-01-27 15:11:18,155 INFO o.a.j.t.JMeterThread: Thread finished: Thread Group 2-13
2021-01-27 15:11:18,157 INFO o.a.j.t.JMeterThread: Thread started: Thread Group 2-24
2021-01-27 15:11:18,160 INFO o.a.j.t.JMeterThread: Thread is done: Thread Group 2-4
2021-01-27 15:11:18,160 INFO o.a.j.t.JMeterThread: Thread finished: Thread Group 2-4
2021-01-27 15:11:18,162 INFO o.a.j.t.JMeterThread: Thread started: Thread Group 1-29
2021-01-27 15:11:18,166 INFO o.a.j.t.JMeterThread: Thread is done: Thread Group 2-20
2021-01-27 15:11:18,166 INFO o.a.j.t.JMeterThread: Thread is done: Thread Group 2-6
2021-01-27 15:11:18,167 INFO o.a.j.t.JMeterThread: Thread finished: Thread Group 2-20
2021-01-27 15:11:18,167 INFO o.a.j.t.JMeterThread: Thread finished: Thread Group 2-6
2021-01-27 15:11:18,167 INFO o.a.j.t.JMeterThread: Thread started: Thread Group 2-25
2021-01-27 15:11:18,172 INFO o.a.j.t.JMeterThread: Thread started: Thread Group 1-30
2021-01-27 15:11:18,177 INFO o.a.j.t.JMeterThread: Thread is done: Thread Group 2-19
2021-01-27 15:11:18,177 INFO o.a.j.t.JMeterThread: Thread finished: Thread Group 2-19
2021-01-27 15:11:18,182 INFO o.a.j.t.JMeterThread: Thread started: Thread Group 2-26
2021-01-27 15:11:18,182 INFO o.a.j.t.JMeterThread: Thread started: Thread Group 1-31
2021-01-27 15:11:18,184 INFO o.a.j.t.JMeterThread: Thread is done: Thread Group 1-10
2021-01-27 15:11:18,184 INFO o.a.j.t.JMeterThread: Thread finished: Thread Group 1-10
2021-01-27 15:11:18,192 INFO o.a.j.t.JMeterThread: Thread started: Thread Group 1-32
2021-01-27 15:11:18,193 INFO o.a.j.t.JMeterThread: Thread started: Thread Group 2-27
2021-01-27 15:11:18,196 INFO o.a.j.t.JMeterThread: Thread is done: Thread Group 1-26
2021-01-27 15:11:18,196 INFO o.a.j.t.JMeterThread: Thread finished: Thread Group 1-26
2021-01-27 15:11:18,197 INFO o.a.j.t.JMeterThread: Thread started: Thread Group 2-28
2021-01-27 15:11:18,201 INFO o.a.j.t.JMeterThread: Thread started: Thread Group 1-33
2021-01-27 15:11:18,207 INFO o.a.j.t.JMeterThread: Thread started: Thread Group 2-29
2021-01-27 15:11:18,211 INFO o.a.j.t.JMeterThread: Thread started: Thread Group 1-34
2021-01-27 15:11:18,214 INFO o.a.j.t.JMeterThread: Thread is done: Thread Group 2-27
2021-01-27 15:11:18,214 INFO o.a.j.t.JMeterThread: Thread finished: Thread Group 2-27
2021-01-27 15:11:18,216 INFO o.a.j.t.JMeterThread: Thread started: Thread Group 2-30
2021-01-27 15:11:18,220 INFO o.a.j.t.JMeterThread: Thread started: Thread Group 1-35
2021-01-27 15:11:18,225 INFO o.a.j.t.JMeterThread: Thread is done: Thread Group 2-21
2021-01-27 15:11:18,225 INFO o.a.j.t.JMeterThread: Thread finished: Thread Group 2-21
2021-01-27 15:11:18,226 INFO o.a.j.t.JMeterThread: Thread started: Thread Group 2-31
2021-01-27 15:11:18,230 INFO o.a.j.t.JMeterThread: Thread started: Thread Group 1-36
2021-01-27 15:11:18,235 INFO o.a.j.t.JMeterThread: Thread started: Thread Group 2-32
2021-01-27 15:11:18,241 INFO o.a.j.t.JMeterThread: Thread started: Thread Group 1-37
2021-01-27 15:11:18,245 INFO o.a.j.t.JMeterThread: Thread started: Thread Group 2-33
2021-01-27 15:11:18,247 INFO o.a.j.t.JMeterThread: Thread started: Thread Group 1-38
2021-01-27 15:11:18,252 INFO o.a.j.t.JMeterThread: Thread is done: Thread Group 2-18
2021-01-27 15:11:18,253 INFO o.a.j.t.JMeterThread: Thread finished: Thread Group 2-18
2021-01-27 15:11:18,255 INFO o.a.j.t.JMeterThread: Thread started: Thread Group 2-34
2021-01-27 15:11:18,257 INFO o.a.j.t.JMeterThread: Thread started: Thread Group 1-39
2021-01-27 15:11:18,259 INFO o.a.j.t.JMeterThread: Thread is done: Thread Group 1-34
2021-01-27 15:11:18,259 INFO o.a.j.t.JMeterThread: Thread finished: Thread Group 1-34
2021-01-27 15:11:18,261 INFO o.a.j.t.JMeterThread: Thread is done: Thread Group 1-27
2021-01-27 15:11:18,261 INFO o.a.j.t.JMeterThread: Thread finished: Thread Group 1-27
2021-01-27 15:11:18,264 INFO o.a.j.t.JMeterThread: Thread is done: Thread Group 1-29
2021-01-27 15:11:18,264 INFO o.a.j.t.JMeterThread: Thread finished: Thread Group 1-29
2021-01-27 15:11:18,265 INFO o.a.j.t.JMeterThread: Thread started: Thread Group 2-35
2021-01-27 15:11:18,268 INFO o.a.j.t.JMeterThread: Thread started: Thread Group 1-40
2021-01-27 15:11:18,268 INFO o.a.j.t.JMeterThread: Thread is done: Thread Group 2-24
2021-01-27 15:11:18,268 INFO o.a.j.t.JMeterThread: Thread finished: Thread Group 2-24
2021-01-27 15:11:18,275 INFO o.a.j.t.JMeterThread: Thread started: Thread Group 2-36
2021-01-27 15:11:18,279 INFO o.a.j.t.JMeterThread: Thread started: Thread Group 1-41
2021-01-27 15:11:18,284 INFO o.a.j.t.JMeterThread: Thread is done: Thread Group 2-25
2021-01-27 15:11:18,284 INFO o.a.j.t.JMeterThread: Thread finished: Thread Group 2-25
2021-01-27 15:11:18,288 INFO o.a.j.t.JMeterThread: Thread is done: Thread Group 2-22
2021-01-27 15:11:18,288 INFO o.a.j.t.JMeterThread: Thread finished: Thread Group 2-22
2021-01-27 15:11:18,289 INFO o.a.j.t.JMeterThread: Thread started: Thread Group 1-42
2021-01-27 15:11:18,291 INFO o.a.j.t.JMeterThread: Thread started: Thread Group 2-37
2021-01-27 15:11:18,295 INFO o.a.j.t.JMeterThread: Thread started: Thread Group 2-38
2021-01-27 15:11:18,299 INFO o.a.j.t.JMeterThread: Thread started: Thread Group 1-43
2021-01-27 15:11:18,306 INFO o.a.j.t.JMeterThread: Thread started: Thread Group 2-39
2021-01-27 15:11:18,309 INFO o.a.j.t.JMeterThread: Thread started: Thread Group 1-44
2021-01-27 15:11:18,316 INFO o.a.j.t.JMeterThread: Thread started: Thread Group 2-40
2021-01-27 15:11:18,319 INFO o.a.j.t.JMeterThread: Thread started: Thread Group 1-45
2021-01-27 15:11:18,324 INFO o.a.j.t.JMeterThread: Thread is done: Thread Group 2-37
2021-01-27 15:11:18,324 INFO o.a.j.t.JMeterThread: Thread finished: Thread Group 2-37
2021-01-27 15:11:18,326 INFO o.a.j.t.JMeterThread: Thread started: Thread Group 2-41
2021-01-27 15:11:18,336 INFO o.a.j.t.JMeterThread: Thread started: Thread Group 2-42
2021-01-27 15:11:18,342 INFO o.a.j.t.JMeterThread: Thread is done: Thread Group 2-26
2021-01-27 15:11:18,343 INFO o.a.j.t.JMeterThread: Thread finished: Thread Group 2-26
2021-01-27 15:11:18,343 INFO o.a.j.t.JMeterThread: Thread started: Thread Group 1-46
2021-01-27 15:11:18,345 INFO o.a.j.t.JMeterThread: Thread started: Thread Group 2-43
2021-01-27 15:11:18,346 INFO o.a.j.t.JMeterThread: Thread is done: Thread Group 1-31
2021-01-27 15:11:18,346 INFO o.a.j.t.JMeterThread: Thread finished: Thread Group 1-31
2021-01-27 15:11:18,351 INFO o.a.j.t.JMeterThread: Thread is done: Thread Group 1-23
2021-01-27 15:11:18,351 INFO o.a.j.t.JMeterThread: Thread finished: Thread Group 1-23
2021-01-27 15:11:18,352 INFO o.a.j.t.JMeterThread: Thread started: Thread Group 1-47
2021-01-27 15:11:18,355 INFO o.a.j.t.JMeterThread: Thread started: Thread Group 2-44
2021-01-27 15:11:18,365 INFO o.a.j.t.JMeterThread: Thread started: Thread Group 2-45
2021-01-27 15:11:18,371 INFO o.a.j.t.JMeterThread: Thread is done: Thread Group 2-23
2021-01-27 15:11:18,372 INFO o.a.j.t.JMeterThread: Thread finished: Thread Group 2-23
2021-01-27 15:11:18,375 INFO o.a.j.t.JMeterThread: Thread started: Thread Group 2-46
2021-01-27 15:11:18,378 INFO o.a.j.t.JMeterThread: Thread is done: Thread Group 1-12
2021-01-27 15:11:18,378 INFO o.a.j.t.JMeterThread: Thread finished: Thread Group 1-12
2021-01-27 15:11:18,379 INFO o.a.j.t.JMeterThread: Thread started: Thread Group 1-48
2021-01-27 15:11:18,381 INFO o.a.j.t.JMeterThread: Thread is done: Thread Group 1-13
2021-01-27 15:11:18,381 INFO o.a.j.t.JMeterThread: Thread finished: Thread Group 1-13
2021-01-27 15:11:18,384 INFO o.a.j.t.JMeterThread: Thread is done: Thread Group 2-43
2021-01-27 15:11:18,384 INFO o.a.j.t.JMeterThread: Thread finished: Thread Group 2-43
2021-01-27 15:11:18,385 INFO o.a.j.t.JMeterThread: Thread started: Thread Group 2-47
2021-01-27 15:11:18,387 INFO o.a.j.t.JMeterThread: Thread is done: Thread Group 1-48
2021-01-27 15:11:18,387 INFO o.a.j.t.JMeterThread: Thread is done: Thread Group 2-30
2021-01-27 15:11:18,387 INFO o.a.j.t.JMeterThread: Thread finished: Thread Group 1-48
2021-01-27 15:11:18,387 INFO o.a.j.t.JMeterThread: Thread finished: Thread Group 2-30
2021-01-27 15:11:18,389 INFO o.a.j.t.JMeterThread: Thread started: Thread Group 1-49
2021-01-27 15:11:18,395 INFO o.a.j.t.JMeterThread: Thread started: Thread Group 2-48
2021-01-27 15:11:18,395 INFO o.a.j.t.JMeterThread: Thread is done: Thread Group 2-15
2021-01-27 15:11:18,395 INFO o.a.j.t.JMeterThread: Thread finished: Thread Group 2-15
2021-01-27 15:11:18,398 INFO o.a.j.t.JMeterThread: Thread started: Thread Group 1-50
2021-01-27 15:11:18,405 INFO o.a.j.t.JMeterThread: Thread started: Thread Group 2-49
2021-01-27 15:11:18,407 INFO o.a.j.t.JMeterThread: Thread is done: Thread Group 2-46
2021-01-27 15:11:18,407 INFO o.a.j.t.JMeterThread: Thread is done: Thread Group 2-48
2021-01-27 15:11:18,407 INFO o.a.j.t.JMeterThread: Thread finished: Thread Group 2-46
2021-01-27 15:11:18,407 INFO o.a.j.t.JMeterThread: Thread finished: Thread Group 2-48
2021-01-27 15:11:18,408 INFO o.a.j.t.JMeterThread: Thread started: Thread Group 1-51
2021-01-27 15:11:18,414 INFO o.a.j.t.JMeterThread: Thread is done: Thread Group 1-49
2021-01-27 15:11:18,414 INFO o.a.j.t.JMeterThread: Thread finished: Thread Group 1-49
2021-01-27 15:11:18,415 INFO o.a.j.t.JMeterThread: Thread started: Thread Group 2-50
2021-01-27 15:11:18,418 INFO o.a.j.t.JMeterThread: Thread started: Thread Group 1-52
2021-01-27 15:11:18,424 INFO o.a.j.t.JMeterThread: Thread is done: Thread Group 2-49
2021-01-27 15:11:18,424 INFO o.a.j.t.JMeterThread: Thread is done: Thread Group 1-51
2021-01-27 15:11:18,424 INFO o.a.j.t.JMeterThread: Thread finished: Thread Group 2-49
2021-01-27 15:11:18,424 INFO o.a.j.t.JMeterThread: Thread finished: Thread Group 1-51
2021-01-27 15:11:18,425 INFO o.a.j.t.JMeterThread: Thread started: Thread Group 2-51
2021-01-27 15:11:18,428 INFO o.a.j.t.JMeterThread: Thread started: Thread Group 1-53
2021-01-27 15:11:18,435 INFO o.a.j.t.JMeterThread: Thread started: Thread Group 2-52
2021-01-27 15:11:18,438 INFO o.a.j.t.JMeterThread: Thread started: Thread Group 1-54
2021-01-27 15:11:18,441 INFO o.a.j.t.JMeterThread: Thread is done: Thread Group 1-52
2021-01-27 15:11:18,441 INFO o.a.j.t.JMeterThread: Thread is done: Thread Group 2-50
2021-01-27 15:11:18,441 INFO o.a.j.t.JMeterThread: Thread finished: Thread Group 1-52
2021-01-27 15:11:18,441 INFO o.a.j.t.JMeterThread: Thread finished: Thread Group 2-50
2021-01-27 15:11:18,443 INFO o.a.j.t.JMeterThread: Thread is done: Thread Group 1-50
2021-01-27 15:11:18,443 INFO o.a.j.t.JMeterThread: Thread finished: Thread Group 1-50
2021-01-27 15:11:18,445 INFO o.a.j.t.JMeterThread: Thread started: Thread Group 2-53
2021-01-27 15:11:18,448 INFO o.a.j.t.JMeterThread: Thread started: Thread Group 1-55
2021-01-27 15:11:18,453 INFO o.a.j.t.JMeterThread: Thread is done: Thread Group 2-51
2021-01-27 15:11:18,453 INFO o.a.j.t.JMeterThread: Thread finished: Thread Group 2-51
2021-01-27 15:11:18,455 INFO o.a.j.t.JMeterThread: Thread started: Thread Group 2-54
2021-01-27 15:11:18,458 INFO o.a.j.t.JMeterThread: Thread started: Thread Group 1-56
2021-01-27 15:11:18,463 INFO o.a.j.t.JMeterThread: Thread is done: Thread Group 2-52
2021-01-27 15:11:18,463 INFO o.a.j.t.JMeterThread: Thread finished: Thread Group 2-52
2021-01-27 15:11:18,468 INFO o.a.j.t.JMeterThread: Thread started: Thread Group 1-57
2021-01-27 15:11:18,470 INFO o.a.j.t.JMeterThread: Thread started: Thread Group 2-55
2021-01-27 15:11:18,475 INFO o.a.j.t.JMeterThread: Thread started: Thread Group 2-56
2021-01-27 15:11:18,475 INFO o.a.j.t.JMeterThread: Thread is done: Thread Group 1-56
2021-01-27 15:11:18,475 INFO o.a.j.t.JMeterThread: Thread finished: Thread Group 1-56
2021-01-27 15:11:18,478 INFO o.a.j.t.JMeterThread: Thread started: Thread Group 1-58
2021-01-27 15:11:18,480 INFO o.a.j.t.JMeterThread: Thread is done: Thread Group 2-10
2021-01-27 15:11:18,480 INFO o.a.j.t.JMeterThread: Thread finished: Thread Group 2-10
2021-01-27 15:11:18,480 INFO o.a.j.t.JMeterThread: Thread is done: Thread Group 2-55
2021-01-27 15:11:18,480 INFO o.a.j.t.JMeterThread: Thread finished: Thread Group 2-55
2021-01-27 15:11:18,482 INFO o.a.j.t.JMeterThread: Thread is done: Thread Group 1-33
2021-01-27 15:11:18,482 INFO o.a.j.t.JMeterThread: Thread finished: Thread Group 1-33
2021-01-27 15:11:18,485 INFO o.a.j.t.JMeterThread: Thread is done: Thread Group 2-11
2021-01-27 15:11:18,485 INFO o.a.j.t.JMeterThread: Thread finished: Thread Group 2-11
2021-01-27 15:11:18,487 INFO o.a.j.t.JMeterThread: Thread started: Thread Group 1-62
2021-01-27 15:11:18,488 INFO o.a.j.t.JMeterThread: Thread started: Thread Group 1-59
2021-01-27 15:11:18,490 INFO o.a.j.t.JMeterThread: Thread started: Thread Group 2-57
2021-01-27 15:11:18,492 INFO o.a.j.t.JMeterThread: Thread is done: Thread Group 1-22
2021-01-27 15:11:18,492 INFO o.a.j.t.JMeterThread: Thread finished: Thread Group 1-22
2021-01-27 15:11:18,495 INFO o.a.j.t.JMeterThread: Thread started: Thread Group 2-58
2021-01-27 15:11:18,497 INFO o.a.j.t.JMeterThread: Thread started: Thread Group 1-60
2021-01-27 15:11:18,502 INFO o.a.j.t.JMeterThread: Thread is done: Thread Group 1-59
2021-01-27 15:11:18,503 INFO o.a.j.t.JMeterThread: Thread finished: Thread Group 1-59
2021-01-27 15:11:18,504 INFO o.a.j.t.JMeterThread: Thread started: Thread Group 2-59
2021-01-27 15:11:18,510 INFO o.a.j.t.JMeterThread: Thread started: Thread Group 1-61
2021-01-27 15:11:18,513 INFO o.a.j.t.JMeterThread: Thread is done: Thread Group 1-58
2021-01-27 15:11:18,513 INFO o.a.j.t.JMeterThread: Thread finished: Thread Group 1-58
2021-01-27 15:11:18,514 INFO o.a.j.t.JMeterThread: Thread started: Thread Group 2-60
2021-01-27 15:11:18,517 INFO o.a.j.t.JMeterThread: Thread is done: Thread Group 1-54
2021-01-27 15:11:18,517 INFO o.a.j.t.JMeterThread: Thread finished: Thread Group 1-54
2021-01-27 15:11:18,521 INFO o.a.j.t.JMeterThread: Thread is done: Thread Group 2-59
2021-01-27 15:11:18,521 INFO o.a.j.t.JMeterThread: Thread finished: Thread Group 2-59
2021-01-27 15:11:18,522 INFO o.a.j.t.JMeterThread: Thread is done: Thread Group 2-60
2021-01-27 15:11:18,522 INFO o.a.j.t.JMeterThread: Thread finished: Thread Group 2-60
2021-01-27 15:11:18,524 INFO o.a.j.t.JMeterThread: Thread started: Thread Group 2-61
2021-01-27 15:11:18,526 INFO o.a.j.t.JMeterThread: Thread started: Thread Group 1-63
2021-01-27 15:11:18,532 INFO o.a.j.t.JMeterThread: Thread is done: Thread Group 1-16
2021-01-27 15:11:18,532 INFO o.a.j.t.JMeterThread: Thread finished: Thread Group 1-16
2021-01-27 15:11:18,533 INFO o.a.j.t.JMeterThread: Thread is done: Thread Group 2-12
2021-01-27 15:11:18,533 INFO o.a.j.t.JMeterThread: Thread finished: Thread Group 2-12
2021-01-27 15:11:18,534 INFO o.a.j.t.JMeterThread: Thread started: Thread Group 2-62
2021-01-27 15:11:18,536 INFO o.a.j.t.JMeterThread: Thread started: Thread Group 1-64
2021-01-27 15:11:18,537 INFO o.a.j.t.JMeterThread: Thread is done: Thread Group 1-35
2021-01-27 15:11:18,537 INFO o.a.j.t.JMeterThread: Thread finished: Thread Group 1-35
2021-01-27 15:11:18,543 INFO o.a.j.t.JMeterThread: Thread is done: Thread Group 2-14
2021-01-27 15:11:18,544 INFO o.a.j.t.JMeterThread: Thread finished: Thread Group 2-14
2021-01-27 15:11:18,544 INFO o.a.j.t.JMeterThread: Thread started: Thread Group 2-63
2021-01-27 15:11:18,544 INFO o.a.j.t.JMeterThread: Thread is done: Thread Group 2-35
2021-01-27 15:11:18,544 INFO o.a.j.t.JMeterThread: Thread finished: Thread Group 2-35
2021-01-27 15:11:18,546 INFO o.a.j.t.JMeterThread: Thread started: Thread Group 1-65
2021-01-27 15:11:18,549 INFO o.a.j.t.JMeterThread: Thread is done: Thread Group 2-31
2021-01-27 15:11:18,549 INFO o.a.j.t.JMeterThread: Thread finished: Thread Group 2-31
2021-01-27 15:11:18,551 INFO o.a.j.t.JMeterThread: Thread is done: Thread Group 2-58
2021-01-27 15:11:18,551 INFO o.a.j.t.JMeterThread: Thread finished: Thread Group 2-58
2021-01-27 15:11:18,554 INFO o.a.j.t.JMeterThread: Thread started: Thread Group 2-64
2021-01-27 15:11:18,554 INFO o.a.j.t.JMeterThread: Thread is done: Thread Group 1-63
2021-01-27 15:11:18,555 INFO o.a.j.t.JMeterThread: Thread finished: Thread Group 1-63
2021-01-27 15:11:18,556 INFO o.a.j.t.JMeterThread: Thread started: Thread Group 1-66
2021-01-27 15:11:18,556 INFO o.a.j.t.JMeterThread: Thread is done: Thread Group 2-32
2021-01-27 15:11:18,556 INFO o.a.j.t.JMeterThread: Thread finished: Thread Group 2-32
2021-01-27 15:11:18,558 INFO o.a.j.t.JMeterThread: Thread is done: Thread Group 1-64
2021-01-27 15:11:18,558 INFO o.a.j.t.JMeterThread: Thread finished: Thread Group 1-64
2021-01-27 15:11:18,558 INFO o.a.j.t.JMeterThread: Thread is done: Thread Group 2-36
2021-01-27 15:11:18,558 INFO o.a.j.t.JMeterThread: Thread finished: Thread Group 2-36
2021-01-27 15:11:18,562 INFO o.a.j.t.JMeterThread: Thread is done: Thread Group 2-38
2021-01-27 15:11:18,562 INFO o.a.j.t.JMeterThread: Thread finished: Thread Group 2-38
2021-01-27 15:11:18,564 INFO o.a.j.t.JMeterThread: Thread started: Thread Group 2-65
2021-01-27 15:11:18,566 INFO o.a.j.t.JMeterThread: Thread started: Thread Group 1-67
2021-01-27 15:11:18,569 INFO o.a.j.t.JMeterThread: Thread is done: Thread Group 1-41
2021-01-27 15:11:18,569 INFO o.a.j.t.JMeterThread: Thread finished: Thread Group 1-41
2021-01-27 15:11:18,574 INFO o.a.j.t.JMeterThread: Thread started: Thread Group 2-66
2021-01-27 15:11:18,574 INFO o.a.j.t.JMeterThread: Thread is done: Thread Group 1-67
2021-01-27 15:11:18,574 INFO o.a.j.t.JMeterThread: Thread finished: Thread Group 1-67
2021-01-27 15:11:18,576 INFO o.a.j.t.JMeterThread: Thread started: Thread Group 1-68
2021-01-27 15:11:18,578 INFO o.a.j.t.JMeterThread: Thread is done: Thread Group 2-34
2021-01-27 15:11:18,579 INFO o.a.j.t.JMeterThread: Thread finished: Thread Group 2-34
2021-01-27 15:11:18,581 INFO o.a.j.t.JMeterThread: Thread is done: Thread Group 2-39
2021-01-27 15:11:18,581 INFO o.a.j.t.JMeterThread: Thread finished: Thread Group 2-39
2021-01-27 15:11:18,584 INFO o.a.j.t.JMeterThread: Thread started: Thread Group 2-67
2021-01-27 15:11:18,584 INFO o.a.j.t.JMeterThread: Thread is done: Thread Group 1-68
2021-01-27 15:11:18,584 INFO o.a.j.t.JMeterThread: Thread finished: Thread Group 1-68
2021-01-27 15:11:18,586 INFO o.a.j.t.JMeterThread: Thread started: Thread Group 1-69
2021-01-27 15:11:18,591 INFO o.a.j.t.JMeterThread: Thread is done: Thread Group 2-33
2021-01-27 15:11:18,591 INFO o.a.j.t.JMeterThread: Thread finished: Thread Group 2-33
2021-01-27 15:11:18,593 INFO o.a.j.t.JMeterThread: Thread started: Thread Group 2-68
2021-01-27 15:11:18,595 INFO o.a.j.t.JMeterThread: Thread started: Thread Group 1-70
2021-01-27 15:11:18,601 INFO o.a.j.t.JMeterThread: Thread is done: Thread Group 2-42
2021-01-27 15:11:18,601 INFO o.a.j.t.JMeterThread: Thread finished: Thread Group 2-42
2021-01-27 15:11:18,603 INFO o.a.j.t.JMeterThread: Thread started: Thread Group 2-69
2021-01-27 15:11:18,605 INFO o.a.j.t.JMeterThread: Thread started: Thread Group 1-71
2021-01-27 15:11:18,607 INFO o.a.j.t.JMeterThread: Thread is done: Thread Group 1-46
2021-01-27 15:11:18,607 INFO o.a.j.t.JMeterThread: Thread finished: Thread Group 1-46
2021-01-27 15:11:18,613 INFO o.a.j.t.JMeterThread: Thread started: Thread Group 2-70
2021-01-27 15:11:18,616 INFO o.a.j.t.JMeterThread: Thread started: Thread Group 1-72
2021-01-27 15:11:18,623 INFO o.a.j.t.JMeterThread: Thread is done: Thread Group 1-71
2021-01-27 15:11:18,624 INFO o.a.j.t.JMeterThread: Thread finished: Thread Group 1-71
2021-01-27 15:11:18,625 INFO o.a.j.t.JMeterThread: Thread started: Thread Group 1-73
2021-01-27 15:11:18,628 INFO o.a.j.t.JMeterThread: Thread started: Thread Group 2-71
2021-01-27 15:11:18,632 INFO o.a.j.t.JMeterThread: Thread started: Thread Group 2-72
2021-01-27 15:11:18,634 INFO o.a.j.t.JMeterThread: Thread started: Thread Group 1-74
2021-01-27 15:11:18,642 INFO o.a.j.t.JMeterThread: Thread is done: Thread Group 2-71
2021-01-27 15:11:18,642 INFO o.a.j.t.JMeterThread: Thread started: Thread Group 2-73
2021-01-27 15:11:18,642 INFO o.a.j.t.JMeterThread: Thread finished: Thread Group 2-71
2021-01-27 15:11:18,644 INFO o.a.j.t.JMeterThread: Thread started: Thread Group 1-75
2021-01-27 15:11:18,647 INFO o.a.j.t.JMeterThread: Thread is done: Thread Group 1-72
2021-01-27 15:11:18,647 INFO o.a.j.t.JMeterThread: Thread finished: Thread Group 1-72
2021-01-27 15:11:18,650 INFO o.a.j.t.JMeterThread: Thread is done: Thread Group 1-75
2021-01-27 15:11:18,650 INFO o.a.j.t.JMeterThread: Thread finished: Thread Group 1-75
2021-01-27 15:11:18,651 INFO o.a.j.t.JMeterThread: Thread is done: Thread Group 1-74
2021-01-27 15:11:18,652 INFO o.a.j.t.JMeterThread: Thread finished: Thread Group 1-74
2021-01-27 15:11:18,654 INFO o.a.j.t.JMeterThread: Thread started: Thread Group 1-76
2021-01-27 15:11:18,656 INFO o.a.j.t.JMeterThread: Thread is done: Thread Group 1-47
2021-01-27 15:11:18,656 INFO o.a.j.t.JMeterThread: Thread finished: Thread Group 1-47
2021-01-27 15:11:18,657 INFO o.a.j.t.JMeterThread: Thread started: Thread Group 2-74
2021-01-27 15:11:18,660 INFO o.a.j.t.JMeterThread: Thread is done: Thread Group 1-42
2021-01-27 15:11:18,660 INFO o.a.j.t.JMeterThread: Thread finished: Thread Group 1-42
2021-01-27 15:11:18,662 INFO o.a.j.t.JMeterThread: Thread started: Thread Group 2-75
2021-01-27 15:11:18,664 INFO o.a.j.t.JMeterThread: Thread started: Thread Group 1-77
2021-01-27 15:11:18,664 INFO o.a.j.t.JMeterThread: Thread is done: Thread Group 1-69
2021-01-27 15:11:18,664 INFO o.a.j.t.JMeterThread: Thread finished: Thread Group 1-69
2021-01-27 15:11:18,669 INFO o.a.j.t.JMeterThread: Thread is done: Thread Group 2-9
2021-01-27 15:11:18,669 INFO o.a.j.t.JMeterThread: Thread finished: Thread Group 2-9
2021-01-27 15:11:18,672 INFO o.a.j.t.JMeterThread: Thread started: Thread Group 2-76
2021-01-27 15:11:18,674 INFO o.a.j.t.JMeterThread: Thread started: Thread Group 1-78
2021-01-27 15:11:18,677 INFO o.a.j.t.JMeterThread: Thread is done: Thread Group 1-20
2021-01-27 15:11:18,677 INFO o.a.j.t.JMeterThread: Thread finished: Thread Group 1-20
2021-01-27 15:11:18,680 INFO o.a.j.t.JMeterThread: Thread is done: Thread Group 1-39
2021-01-27 15:11:18,680 INFO o.a.j.t.JMeterThread: Thread finished: Thread Group 1-39
2021-01-27 15:11:18,683 INFO o.a.j.t.JMeterThread: Thread started: Thread Group 2-77
2021-01-27 15:11:18,685 INFO o.a.j.t.JMeterThread: Thread started: Thread Group 1-79
2021-01-27 15:11:18,688 INFO o.a.j.t.JMeterThread: Thread is done: Thread Group 1-43
2021-01-27 15:11:18,688 INFO o.a.j.t.JMeterThread: Thread finished: Thread Group 1-43
2021-01-27 15:11:18,690 INFO o.a.j.t.JMeterThread: Thread is done: Thread Group 2-73
2021-01-27 15:11:18,690 INFO o.a.j.t.JMeterThread: Thread finished: Thread Group 2-73
2021-01-27 15:11:18,693 INFO o.a.j.t.JMeterThread: Thread started: Thread Group 2-78
2021-01-27 15:11:18,695 INFO o.a.j.t.JMeterThread: Thread started: Thread Group 1-80
2021-01-27 15:11:18,698 INFO o.a.j.t.JMeterThread: Thread is done: Thread Group 1-37
2021-01-27 15:11:18,698 INFO o.a.j.t.JMeterThread: Thread finished: Thread Group 1-37
2021-01-27 15:11:18,703 INFO o.a.j.t.JMeterThread: Thread started: Thread Group 2-79
2021-01-27 15:11:18,705 INFO o.a.j.t.JMeterThread: Thread started: Thread Group 1-81
2021-01-27 15:11:18,705 INFO o.a.j.t.JMeterThread: Thread is done: Thread Group 1-73
2021-01-27 15:11:18,705 INFO o.a.j.t.JMeterThread: Thread finished: Thread Group 1-73
2021-01-27 15:11:18,711 INFO o.a.j.t.JMeterThread: Thread is done: Thread Group 2-69
2021-01-27 15:11:18,711 INFO o.a.j.t.JMeterThread: Thread finished: Thread Group 2-69
2021-01-27 15:11:18,712 INFO o.a.j.t.JMeterThread: Thread is done: Thread Group 1-76
2021-01-27 15:11:18,712 INFO o.a.j.t.JMeterThread: Thread finished: Thread Group 1-76
2021-01-27 15:11:18,713 INFO o.a.j.t.JMeterThread: Thread started: Thread Group 2-80
2021-01-27 15:11:18,715 INFO o.a.j.t.JMeterThread: Thread started: Thread Group 1-82
2021-01-27 15:11:18,718 INFO o.a.j.t.JMeterThread: Thread is done: Thread Group 2-57
2021-01-27 15:11:18,718 INFO o.a.j.t.JMeterThread: Thread finished: Thread Group 2-57
2021-01-27 15:11:18,723 INFO o.a.j.t.JMeterThread: Thread started: Thread Group 2-81
2021-01-27 15:11:18,725 INFO o.a.j.t.JMeterThread: Thread started: Thread Group 1-83
2021-01-27 15:11:18,727 INFO o.a.j.t.JMeterThread: Thread is done: Thread Group 1-62
2021-01-27 15:11:18,727 INFO o.a.j.t.JMeterThread: Thread finished: Thread Group 1-62
2021-01-27 15:11:18,730 INFO o.a.j.t.JMeterThread: Thread is done: Thread Group 1-25
2021-01-27 15:11:18,730 INFO o.a.j.t.JMeterThread: Thread finished: Thread Group 1-25
2021-01-27 15:11:18,733 INFO o.a.j.t.JMeterThread: Thread is done: Thread Group 1-77
2021-01-27 15:11:18,733 INFO o.a.j.t.JMeterThread: Thread started: Thread Group 2-82
2021-01-27 15:11:18,733 INFO o.a.j.t.JMeterThread: Thread finished: Thread Group 1-77
2021-01-27 15:11:18,735 INFO o.a.j.t.JMeterThread: Thread started: Thread Group 1-84
2021-01-27 15:11:18,735 INFO o.a.j.t.JMeterThread: Thread is done: Thread Group 1-57
2021-01-27 15:11:18,735 INFO o.a.j.t.JMeterThread: Thread finished: Thread Group 1-57
2021-01-27 15:11:18,737 INFO o.a.j.t.JMeterThread: Thread is done: Thread Group 2-74
2021-01-27 15:11:18,737 INFO o.a.j.t.JMeterThread: Thread finished: Thread Group 2-74
2021-01-27 15:11:18,739 INFO o.a.j.t.JMeterThread: Thread is done: Thread Group 2-75
2021-01-27 15:11:18,739 INFO o.a.j.t.JMeterThread: Thread finished: Thread Group 2-75
2021-01-27 15:11:18,742 INFO o.a.j.t.JMeterThread: Thread started: Thread Group 2-83
2021-01-27 15:11:18,745 INFO o.a.j.t.JMeterThread: Thread started: Thread Group 1-85
2021-01-27 15:11:18,748 INFO o.a.j.t.JMeterThread: Thread is done: Thread Group 2-77
2021-01-27 15:11:18,748 INFO o.a.j.t.JMeterThread: Thread finished: Thread Group 2-77
2021-01-27 15:11:18,752 INFO o.a.j.t.JMeterThread: Thread started: Thread Group 2-84
2021-01-27 15:11:18,754 INFO o.a.j.t.JMeterThread: Thread is done: Thread Group 1-38
2021-01-27 15:11:18,754 INFO o.a.j.t.JMeterThread: Thread finished: Thread Group 1-38
2021-01-27 15:11:18,755 INFO o.a.j.t.JMeterThread: Thread started: Thread Group 1-86
2021-01-27 15:11:18,757 INFO o.a.j.t.JMeterThread: Thread is done: Thread Group 2-66
2021-01-27 15:11:18,757 INFO o.a.j.t.JMeterThread: Thread finished: Thread Group 2-66
2021-01-27 15:11:18,761 INFO o.a.j.t.JMeterThread: Thread started: Thread Group 2-85
2021-01-27 15:11:18,763 INFO o.a.j.t.JMeterThread: Thread is done: Thread Group 1-81
2021-01-27 15:11:18,763 INFO o.a.j.t.JMeterThread: Thread finished: Thread Group 1-81
2021-01-27 15:11:18,764 INFO o.a.j.t.JMeterThread: Thread started: Thread Group 1-87
2021-01-27 15:11:18,766 INFO o.a.j.t.JMeterThread: Thread is done: Thread Group 2-56
2021-01-27 15:11:18,766 INFO o.a.j.t.JMeterThread: Thread finished: Thread Group 2-56
2021-01-27 15:11:18,771 INFO o.a.j.t.JMeterThread: Thread started: Thread Group 2-86
2021-01-27 15:11:18,772 INFO o.a.j.t.JMeterThread: Thread is done: Thread Group 1-79
2021-01-27 15:11:18,772 INFO o.a.j.t.JMeterThread: Thread finished: Thread Group 1-79
2021-01-27 15:11:18,773 INFO o.a.j.t.JMeterThread: Thread is done: Thread Group 2-81
2021-01-27 15:11:18,774 INFO o.a.j.t.JMeterThread: Thread finished: Thread Group 2-81
2021-01-27 15:11:18,774 INFO o.a.j.t.JMeterThread: Thread started: Thread Group 1-88
2021-01-27 15:11:18,779 INFO o.a.j.t.JMeterThread: Thread is done: Thread Group 2-82
2021-01-27 15:11:18,779 INFO o.a.j.t.JMeterThread: Thread finished: Thread Group 2-82
2021-01-27 15:11:18,781 INFO o.a.j.t.JMeterThread: Thread started: Thread Group 2-87
2021-01-27 15:11:18,784 INFO o.a.j.t.JMeterThread: Thread started: Thread Group 1-89
2021-01-27 15:11:18,786 INFO o.a.j.t.JMeterThread: Thread is done: Thread Group 1-84
2021-01-27 15:11:18,786 INFO o.a.j.t.JMeterThread: Thread finished: Thread Group 1-84
2021-01-27 15:11:18,787 INFO o.a.j.t.JMeterThread: Thread is done: Thread Group 2-67
2021-01-27 15:11:18,787 INFO o.a.j.t.JMeterThread: Thread finished: Thread Group 2-67
2021-01-27 15:11:18,788 INFO o.a.j.t.JMeterThread: Thread is done: Thread Group 1-61
2021-01-27 15:11:18,788 INFO o.a.j.t.JMeterThread: Thread finished: Thread Group 1-61
2021-01-27 15:11:18,789 INFO o.a.j.t.JMeterThread: Thread is done: Thread Group 2-76
2021-01-27 15:11:18,789 INFO o.a.j.t.JMeterThread: Thread finished: Thread Group 2-76
2021-01-27 15:11:18,789 INFO o.a.j.t.JMeterThread: Thread is done: Thread Group 2-64
2021-01-27 15:11:18,789 INFO o.a.j.t.JMeterThread: Thread finished: Thread Group 2-64
2021-01-27 15:11:18,791 INFO o.a.j.t.JMeterThread: Thread started: Thread Group 2-88
2021-01-27 15:11:18,792 INFO o.a.j.t.JMeterThread: Thread is done: Thread Group 1-28
2021-01-27 15:11:18,792 INFO o.a.j.t.JMeterThread: Thread finished: Thread Group 1-28
2021-01-27 15:11:18,793 INFO o.a.j.t.JMeterThread: Thread is done: Thread Group 1-60
2021-01-27 15:11:18,793 INFO o.a.j.t.JMeterThread: Thread finished: Thread Group 1-60
2021-01-27 15:11:18,795 INFO o.a.j.t.JMeterThread: Thread started: Thread Group 1-90
2021-01-27 15:11:18,796 INFO o.a.j.t.JMeterThread: Thread is done: Thread Group 2-78
2021-01-27 15:11:18,796 INFO o.a.j.t.JMeterThread: Thread finished: Thread Group 2-78
2021-01-27 15:11:18,796 INFO o.a.j.t.JMeterThread: Thread is done: Thread Group 2-62
2021-01-27 15:11:18,796 INFO o.a.j.t.JMeterThread: Thread is done: Thread Group 1-85
2021-01-27 15:11:18,797 INFO o.a.j.t.JMeterThread: Thread finished: Thread Group 2-62
2021-01-27 15:11:18,797 INFO o.a.j.t.JMeterThread: Thread finished: Thread Group 1-85
2021-01-27 15:11:18,799 INFO o.a.j.t.JMeterThread: Thread is done: Thread Group 2-45
2021-01-27 15:11:18,799 INFO o.a.j.t.JMeterThread: Thread finished: Thread Group 2-45
2021-01-27 15:11:18,801 INFO o.a.j.t.JMeterThread: Thread started: Thread Group 2-89
2021-01-27 15:11:18,802 INFO o.a.j.t.JMeterThread: Thread is done: Thread Group 1-80
2021-01-27 15:11:18,802 INFO o.a.j.t.JMeterThread: Thread finished: Thread Group 1-80
2021-01-27 15:11:18,804 INFO o.a.j.t.JMeterThread: Thread started: Thread Group 1-91
2021-01-27 15:11:18,805 INFO o.a.j.t.JMeterThread: Thread is done: Thread Group 2-83
2021-01-27 15:11:18,805 INFO o.a.j.t.JMeterThread: Thread finished: Thread Group 2-83
2021-01-27 15:11:18,806 INFO o.a.j.t.JMeterThread: Thread is done: Thread Group 2-80
2021-01-27 15:11:18,806 INFO o.a.j.t.JMeterThread: Thread finished: Thread Group 2-80
2021-01-27 15:11:18,808 INFO o.a.j.t.JMeterThread: Thread is done: Thread Group 1-82
2021-01-27 15:11:18,808 INFO o.a.j.t.JMeterThread: Thread finished: Thread Group 1-82
2021-01-27 15:11:18,809 INFO o.a.j.t.JMeterThread: Thread is done: Thread Group 1-83
2021-01-27 15:11:18,809 INFO o.a.j.t.JMeterThread: Thread finished: Thread Group 1-83
2021-01-27 15:11:18,810 INFO o.a.j.t.JMeterThread: Thread is done: Thread Group 2-79
2021-01-27 15:11:18,810 INFO o.a.j.t.JMeterThread: Thread finished: Thread Group 2-79
2021-01-27 15:11:18,811 INFO o.a.j.t.JMeterThread: Thread started: Thread Group 2-90
2021-01-27 15:11:18,814 INFO o.a.j.t.JMeterThread: Thread started: Thread Group 1-92
2021-01-27 15:11:18,815 INFO o.a.j.t.JMeterThread: Thread is done: Thread Group 2-68
2021-01-27 15:11:18,815 INFO o.a.j.t.JMeterThread: Thread finished: Thread Group 2-68
2021-01-27 15:11:18,816 INFO o.a.j.t.JMeterThread: Thread is done: Thread Group 2-70
2021-01-27 15:11:18,816 INFO o.a.j.t.JMeterThread: Thread finished: Thread Group 2-70
2021-01-27 15:11:18,821 INFO o.a.j.t.JMeterThread: Thread started: Thread Group 2-91
2021-01-27 15:11:18,822 INFO o.a.j.t.JMeterThread: Thread is done: Thread Group 1-86
2021-01-27 15:11:18,822 INFO o.a.j.t.JMeterThread: Thread finished: Thread Group 1-86
2021-01-27 15:11:18,824 INFO o.a.j.t.JMeterThread: Thread started: Thread Group 1-93
2021-01-27 15:11:18,824 INFO o.a.j.t.JMeterThread: Thread is done: Thread Group 2-53
2021-01-27 15:11:18,824 INFO o.a.j.t.JMeterThread: Thread finished: Thread Group 2-53
2021-01-27 15:11:18,841 INFO o.a.j.t.JMeterThread: Thread started: Thread Group 2-93
2021-01-27 15:11:18,844 INFO o.a.j.t.JMeterThread: Thread started: Thread Group 1-94
2021-01-27 15:11:18,845 INFO o.a.j.t.JMeterThread: Thread is done: Thread Group 1-30
2021-01-27 15:11:18,845 INFO o.a.j.t.JMeterThread: Thread finished: Thread Group 1-30
2021-01-27 15:11:18,845 INFO o.a.j.t.JMeterThread: Thread is done: Thread Group 2-44
2021-01-27 15:11:18,847 INFO o.a.j.t.JMeterThread: Thread finished: Thread Group 2-44
2021-01-27 15:11:18,847 INFO o.a.j.t.JMeterThread: Thread started: Thread Group 1-95
2021-01-27 15:11:18,846 INFO o.a.j.t.JMeterThread: Thread started: Thread Group 2-92
2021-01-27 15:11:18,851 INFO o.a.j.t.JMeterThread: Thread started: Thread Group 2-94
2021-01-27 15:11:18,854 INFO o.a.j.t.JMeterThread: Thread started: Thread Group 1-96
2021-01-27 15:11:18,859 INFO o.a.j.t.JMeterThread: Thread is done: Thread Group 2-28
2021-01-27 15:11:18,859 INFO o.a.j.t.JMeterThread: Thread finished: Thread Group 2-28
2021-01-27 15:11:18,860 INFO o.a.j.t.JMeterThread: Thread started: Thread Group 2-95
2021-01-27 15:11:18,864 INFO o.a.j.t.JMeterThread: Thread started: Thread Group 1-97
2021-01-27 15:11:18,866 INFO o.a.j.t.JMeterThread: Thread is done: Thread Group 1-88
2021-01-27 15:11:18,867 INFO o.a.j.t.JMeterThread: Thread finished: Thread Group 1-88
2021-01-27 15:11:18,870 INFO o.a.j.t.JMeterThread: Thread started: Thread Group 2-96
2021-01-27 15:11:18,873 INFO o.a.j.t.JMeterThread: Thread is done: Thread Group 1-90
2021-01-27 15:11:18,873 INFO o.a.j.t.JMeterThread: Thread finished: Thread Group 1-90
2021-01-27 15:11:18,874 INFO o.a.j.t.JMeterThread: Thread started: Thread Group 1-98
2021-01-27 15:11:18,880 INFO o.a.j.t.JMeterThread: Thread is done: Thread Group 1-70
2021-01-27 15:11:18,880 INFO o.a.j.t.JMeterThread: Thread started: Thread Group 2-97
2021-01-27 15:11:18,880 INFO o.a.j.t.JMeterThread: Thread finished: Thread Group 1-70
2021-01-27 15:11:18,884 INFO o.a.j.t.JMeterThread: Thread started: Thread Group 1-99
2021-01-27 15:11:18,886 INFO o.a.j.t.JMeterThread: Thread is done: Thread Group 1-32
2021-01-27 15:11:18,886 INFO o.a.j.t.JMeterThread: Thread finished: Thread Group 1-32
2021-01-27 15:11:18,890 INFO o.a.j.t.JMeterThread: Thread started: Thread Group 2-98
2021-01-27 15:11:18,894 INFO o.a.j.t.JMeterThread: Thread started: Thread Group 1-100
2021-01-27 15:11:18,901 INFO o.a.j.t.JMeterThread: Thread is done: Thread Group 1-92
2021-01-27 15:11:18,901 INFO o.a.j.t.JMeterThread: Thread finished: Thread Group 1-92
2021-01-27 15:11:18,904 INFO o.a.j.t.JMeterThread: Thread started: Thread Group 2-99
2021-01-27 15:11:18,908 INFO o.a.j.t.JMeterThread: Thread is done: Thread Group 1-91
2021-01-27 15:11:18,908 INFO o.a.j.t.JMeterThread: Thread finished: Thread Group 1-91
2021-01-27 15:11:18,913 INFO o.a.j.t.JMeterThread: Thread started: Thread Group 2-100
2021-01-27 15:11:18,917 INFO o.a.j.t.JMeterThread: Thread is done: Thread Group 1-87
2021-01-27 15:11:18,917 INFO o.a.j.t.JMeterThread: Thread finished: Thread Group 1-87
2021-01-27 15:11:18,922 INFO o.a.j.t.JMeterThread: Thread is done: Thread Group 1-89
2021-01-27 15:11:18,922 INFO o.a.j.t.JMeterThread: Thread finished: Thread Group 1-89
2021-01-27 15:11:18,924 INFO o.a.j.t.JMeterThread: Thread is done: Thread Group 1-93
2021-01-27 15:11:18,925 INFO o.a.j.t.JMeterThread: Thread finished: Thread Group 1-93
2021-01-27 15:11:18,931 INFO o.a.j.t.JMeterThread: Thread is done: Thread Group 1-96
2021-01-27 15:11:18,931 INFO o.a.j.t.JMeterThread: Thread finished: Thread Group 1-96
2021-01-27 15:11:18,935 INFO o.a.j.t.JMeterThread: Thread is done: Thread Group 1-78
2021-01-27 15:11:18,936 INFO o.a.j.t.JMeterThread: Thread finished: Thread Group 1-78
2021-01-27 15:11:18,940 INFO o.a.j.t.JMeterThread: Thread is done: Thread Group 1-98
2021-01-27 15:11:18,940 INFO o.a.j.t.JMeterThread: Thread finished: Thread Group 1-98
2021-01-27 15:11:18,946 INFO o.a.j.t.JMeterThread: Thread is done: Thread Group 1-99
2021-01-27 15:11:18,946 INFO o.a.j.t.JMeterThread: Thread finished: Thread Group 1-99
2021-01-27 15:11:18,951 INFO o.a.j.t.JMeterThread: Thread is done: Thread Group 1-100
2021-01-27 15:11:18,951 INFO o.a.j.t.JMeterThread: Thread finished: Thread Group 1-100
2021-01-27 15:11:18,956 INFO o.a.j.t.JMeterThread: Thread is done: Thread Group 1-97
2021-01-27 15:11:18,956 INFO o.a.j.t.JMeterThread: Thread is done: Thread Group 2-100
2021-01-27 15:11:18,956 INFO o.a.j.t.JMeterThread: Thread finished: Thread Group 1-97
2021-01-27 15:11:18,956 INFO o.a.j.t.JMeterThread: Thread finished: Thread Group 2-100
2021-01-27 15:11:18,958 INFO o.a.j.t.JMeterThread: Thread is done: Thread Group 1-94
2021-01-27 15:11:18,958 INFO o.a.j.t.JMeterThread: Thread finished: Thread Group 1-94
2021-01-27 15:11:18,960 INFO o.a.j.t.JMeterThread: Thread is done: Thread Group 2-92
2021-01-27 15:11:18,960 INFO o.a.j.t.JMeterThread: Thread finished: Thread Group 2-92
2021-01-27 15:11:18,963 INFO o.a.j.t.JMeterThread: Thread is done: Thread Group 1-36
2021-01-27 15:11:18,963 INFO o.a.j.t.JMeterThread: Thread finished: Thread Group 1-36
2021-01-27 15:11:18,965 INFO o.a.j.t.JMeterThread: Thread is done: Thread Group 2-47
2021-01-27 15:11:18,965 INFO o.a.j.t.JMeterThread: Thread finished: Thread Group 2-47
2021-01-27 15:11:18,971 INFO o.a.j.t.JMeterThread: Thread is done: Thread Group 1-45
2021-01-27 15:11:18,971 INFO o.a.j.t.JMeterThread: Thread finished: Thread Group 1-45
2021-01-27 15:11:18,975 INFO o.a.j.t.JMeterThread: Thread is done: Thread Group 1-65
2021-01-27 15:11:18,976 INFO o.a.j.t.JMeterThread: Thread finished: Thread Group 1-65
2021-01-27 15:11:18,978 INFO o.a.j.t.JMeterThread: Thread is done: Thread Group 2-17
2021-01-27 15:11:18,978 INFO o.a.j.t.JMeterThread: Thread finished: Thread Group 2-17
2021-01-27 15:11:18,979 INFO o.a.j.t.JMeterThread: Thread is done: Thread Group 1-66
2021-01-27 15:11:18,980 INFO o.a.j.t.JMeterThread: Thread finished: Thread Group 1-66
2021-01-27 15:11:18,980 INFO o.a.j.t.JMeterThread: Thread is done: Thread Group 1-53
2021-01-27 15:11:18,980 INFO o.a.j.t.JMeterThread: Thread finished: Thread Group 1-53
2021-01-27 15:11:18,986 INFO o.a.j.t.JMeterThread: Thread is done: Thread Group 1-55
2021-01-27 15:11:18,986 INFO o.a.j.t.JMeterThread: Thread is done: Thread Group 2-41
2021-01-27 15:11:18,986 INFO o.a.j.t.JMeterThread: Thread finished: Thread Group 1-55
2021-01-27 15:11:18,986 INFO o.a.j.t.JMeterThread: Thread finished: Thread Group 2-41
2021-01-27 15:11:18,989 INFO o.a.j.t.JMeterThread: Thread is done: Thread Group 1-40
2021-01-27 15:11:18,989 INFO o.a.j.t.JMeterThread: Thread finished: Thread Group 1-40
2021-01-27 15:11:18,996 INFO o.a.j.t.JMeterThread: Thread is done: Thread Group 2-88
2021-01-27 15:11:18,996 INFO o.a.j.t.JMeterThread: Thread finished: Thread Group 2-88
2021-01-27 15:11:19,008 INFO o.a.j.t.JMeterThread: Thread is done: Thread Group 2-99
2021-01-27 15:11:19,008 INFO o.a.j.t.JMeterThread: Thread finished: Thread Group 2-99
2021-01-27 15:11:19,019 INFO o.a.j.t.JMeterThread: Thread is done: Thread Group 2-85
2021-01-27 15:11:19,019 INFO o.a.j.t.JMeterThread: Thread finished: Thread Group 2-85
2021-01-27 15:11:19,035 INFO o.a.j.t.JMeterThread: Thread is done: Thread Group 2-97
2021-01-27 15:11:19,035 INFO o.a.j.t.JMeterThread: Thread finished: Thread Group 2-97
2021-01-27 15:11:19,037 INFO o.a.j.t.JMeterThread: Thread is done: Thread Group 2-89
2021-01-27 15:11:19,037 INFO o.a.j.t.JMeterThread: Thread finished: Thread Group 2-89
2021-01-27 15:11:19,039 INFO o.a.j.t.JMeterThread: Thread is done: Thread Group 2-61
2021-01-27 15:11:19,040 INFO o.a.j.t.JMeterThread: Thread finished: Thread Group 2-61
2021-01-27 15:11:19,042 INFO o.a.j.t.JMeterThread: Thread is done: Thread Group 2-94
2021-01-27 15:11:19,042 INFO o.a.j.t.JMeterThread: Thread finished: Thread Group 2-94
2021-01-27 15:11:19,044 INFO o.a.j.t.JMeterThread: Thread is done: Thread Group 2-65
2021-01-27 15:11:19,044 INFO o.a.j.t.JMeterThread: Thread finished: Thread Group 2-65
2021-01-27 15:11:19,047 INFO o.a.j.t.JMeterThread: Thread is done: Thread Group 2-72
2021-01-27 15:11:19,047 INFO o.a.j.t.JMeterThread: Thread finished: Thread Group 2-72
2021-01-27 15:11:19,050 INFO o.a.j.t.JMeterThread: Thread is done: Thread Group 2-87
2021-01-27 15:11:19,051 INFO o.a.j.t.JMeterThread: Thread finished: Thread Group 2-87
2021-01-27 15:11:19,055 INFO o.a.j.t.JMeterThread: Thread is done: Thread Group 2-95
2021-01-27 15:11:19,055 INFO o.a.j.t.JMeterThread: Thread finished: Thread Group 2-95
2021-01-27 15:11:19,057 INFO o.a.j.t.JMeterThread: Thread is done: Thread Group 1-44
2021-01-27 15:11:19,057 INFO o.a.j.t.JMeterThread: Thread finished: Thread Group 1-44
2021-01-27 15:11:19,060 INFO o.a.j.t.JMeterThread: Thread is done: Thread Group 2-93
2021-01-27 15:11:19,060 INFO o.a.j.t.JMeterThread: Thread finished: Thread Group 2-93
2021-01-27 15:11:19,062 INFO o.a.j.t.JMeterThread: Thread is done: Thread Group 2-90
2021-01-27 15:11:19,062 INFO o.a.j.t.JMeterThread: Thread finished: Thread Group 2-90
2021-01-27 15:11:19,065 INFO o.a.j.t.JMeterThread: Thread is done: Thread Group 1-95
2021-01-27 15:11:19,065 INFO o.a.j.t.JMeterThread: Thread finished: Thread Group 1-95
2021-01-27 15:11:19,066 INFO o.a.j.t.JMeterThread: Thread is done: Thread Group 2-98
2021-01-27 15:11:19,066 INFO o.a.j.t.JMeterThread: Thread finished: Thread Group 2-98
2021-01-27 15:11:19,067 INFO o.a.j.t.JMeterThread: Thread is done: Thread Group 2-96
2021-01-27 15:11:19,067 INFO o.a.j.t.JMeterThread: Thread finished: Thread Group 2-96
2021-01-27 15:11:19,069 INFO o.a.j.t.JMeterThread: Thread is done: Thread Group 2-91
2021-01-27 15:11:19,069 INFO o.a.j.t.JMeterThread: Thread finished: Thread Group 2-91
2021-01-27 15:11:19,071 INFO o.a.j.t.JMeterThread: Thread is done: Thread Group 2-84
2021-01-27 15:11:19,071 INFO o.a.j.t.JMeterThread: Thread finished: Thread Group 2-84
2021-01-27 15:11:19,071 INFO o.a.j.t.JMeterThread: Thread is done: Thread Group 2-54
2021-01-27 15:11:19,072 INFO o.a.j.t.JMeterThread: Thread finished: Thread Group 2-54
2021-01-27 15:11:19,076 INFO o.a.j.t.JMeterThread: Thread is done: Thread Group 2-86
2021-01-27 15:11:19,076 INFO o.a.j.t.JMeterThread: Thread finished: Thread Group 2-86
2021-01-27 15:11:19,079 INFO o.a.j.t.JMeterThread: Thread is done: Thread Group 2-63
2021-01-27 15:11:19,079 INFO o.a.j.t.JMeterThread: Thread finished: Thread Group 2-63
2021-01-27 15:11:19,082 INFO o.a.j.t.JMeterThread: Thread is done: Thread Group 2-29
2021-01-27 15:11:19,082 INFO o.a.j.t.JMeterThread: Thread is done: Thread Group 2-40
2021-01-27 15:11:19,082 INFO o.a.j.t.JMeterThread: Thread finished: Thread Group 2-29
2021-01-27 15:11:19,082 INFO o.a.j.t.JMeterThread: Thread finished: Thread Group 2-40
2021-01-27 15:11:19,086 INFO o.a.j.t.JMeterThread: Thread is done: Thread Group 2-16
2021-01-27 15:11:19,086 INFO o.a.j.t.JMeterThread: Thread finished: Thread Group 2-16
2021-01-27 15:11:19,086 INFO o.a.j.e.StandardJMeterEngine: Notifying test listeners of end of test
2021-01-27 15:11:19,086 INFO o.a.j.g.u.JMeterMenuBar: setRunning(false, *local*)
